e:\develop\magickahero\proj.win32\debug.win32\appdelegate.obj
e:\develop\magickahero\proj.win32\debug.win32\helloworldscene.obj
e:\develop\magickahero\proj.win32\debug.win32\main.obj
e:\develop\magickahero\proj.win32\debug.win32\vc120.pdb
e:\develop\magickahero\proj.win32\debug.win32\vc120.idb
e:\develop\magickahero\proj.win32\debug.win32\gamescene.obj
e:\develop\magickahero\proj.win32\debug.win32\gamescenecontroller.obj
e:\develop\magickahero\proj.win32\debug.win32\controllayer.obj
e:\develop\magickahero\proj.win32\debug.win32\magickahero.ilk
e:\develop\magickahero\proj.win32\debug.win32\magickahero.exe
e:\develop\magickahero\proj.win32\debug.win32\magickahero.pdb
e:\develop\magickahero\proj.win32\debug.win32\game.res
e:\develop\magickahero\proj.win32\debug.win32\magickahero.tlog\cl.command.1.tlog
e:\develop\magickahero\proj.win32\debug.win32\magickahero.tlog\cl.read.1.tlog
e:\develop\magickahero\proj.win32\debug.win32\magickahero.tlog\cl.write.1.tlog
e:\develop\magickahero\proj.win32\debug.win32\magickahero.tlog\link.command.1.tlog
e:\develop\magickahero\proj.win32\debug.win32\magickahero.tlog\link.read.1.tlog
e:\develop\magickahero\proj.win32\debug.win32\magickahero.tlog\link.write.1.tlog
e:\develop\magickahero\proj.win32\debug.win32\magickahero.tlog\rc.command.1.tlog
e:\develop\magickahero\proj.win32\debug.win32\magickahero.tlog\rc.read.1.tlog
e:\develop\magickahero\proj.win32\debug.win32\magickahero.tlog\rc.write.1.tlog
