生成启动时间为 2014/8/26 23:32:37。
     1>项目“E:\develop\MagickaHero\proj.win32\MagickaHero.vcxproj”在节点 2 上(Build 个目标)。
     1>ResourceCompile:
         C:\Program Files\Windows Kits\8.1\bin\x86\rc.exe /D _UNICODE /D UNICODE /l"0x0409" /nologo /fo"Debug.win32\game.res" game.rc 
       PreLinkEvent:
         if not exist "E:\develop\MagickaHero\proj.win32\Debug.win32\" mkdir "E:\develop\MagickaHero\proj.win32\Debug.win32\"
         xcopy /Y /Q "E:\develop\MagickaHero\cocos2d\cocos\2d\..\..\external\websockets\prebuilt\win32\*.*" "E:\develop\MagickaHero\proj.win32\Debug.win32\"
         :VCEnd
         复制了 2 个文件
       Link:
         E:\Program Files\Microsoft Visual Studio 12.0\VC\bin\link.exe /ERRORREPORT:PROMPT /OUT:"E:\develop\MagickaHero\proj.win32\Debug.win32\MagickaHero.exe" /INCREMENTAL /NOLOGO /LIBPATH:E:\develop\MagickaHero\proj.win32\Debug.win32\ /LIBPATH:E:\develop\MagickaHero\proj.win32\Debug.win32\ opengl32.lib glew32.lib libzlib.lib libpng.lib libjpeg.lib libtiff.lib libwebp.lib libiconv.lib glfw3.lib freetype250.lib winmm.lib ws2_32.lib kernel32.lib user32.lib gdi32.lib winspool.lib comdlg32.lib advapi32.lib shell32.lib ole32.lib oleaut32.lib uuid.lib odbc32.lib odbccp32.lib /MANIFEST /MANIFESTUAC:"level='asInvoker' uiAccess='false'" /manifest:embed /DEBUG /PDB:"E:\develop\MagickaHero\proj.win32\Debug.win32\MagickaHero.pdb" /SUBSYSTEM:WINDOWS /TLBID:1 /DYNAMICBASE /NXCOMPAT /IMPLIB:"E:\develop\MagickaHero\proj.win32\Debug.win32\MagickaHero.lib" /MACHINE:X86 /SAFESEH Debug.win32\game.res
         Debug.win32\AppDelegate.obj
         Debug.win32\ControlLayer.obj
         Debug.win32\GameScene.obj
         Debug.win32\GameSceneController.obj
         Debug.win32\HelloWorldScene.obj
         Debug.win32\main.obj
         E:\develop\MagickaHero\proj.win32\Debug.win32\libcocos2d.lib
         E:\develop\MagickaHero\proj.win32\Debug.win32\libAudio.lib
         E:\develop\MagickaHero\proj.win32\Debug.win32\libCocosStudio.lib
         E:\develop\MagickaHero\proj.win32\Debug.win32\libGUI.lib
         E:\develop\MagickaHero\proj.win32\Debug.win32\libExtensions.lib
         E:\develop\MagickaHero\proj.win32\Debug.win32\libchipmunk.lib
     1>AppDelegate.obj : warning LNK4075: 忽略“/EDITANDCONTINUE”(由于“/SAFESEH”规范)
     1>MSVCRTD.lib(cinitexe.obj) : warning LNK4098: 默认库“libcmt.lib”与其他库的使用冲突；请使用 /NODEFAULTLIB:library
     1>MSVCRTD.lib(cinitexe.obj) : warning LNK4098: 默认库“libcmtd.lib”与其他库的使用冲突；请使用 /NODEFAULTLIB:library
     1>MSVCRTD.lib(cinitexe.obj) : warning LNK4098: 默认库“msvcrt.lib”与其他库的使用冲突；请使用 /NODEFAULTLIB:library
     1>libjpeg.lib(jcapimin.obj) : warning LNK4099: 未找到 PDB“vc110.pdb”(使用“libjpeg.lib(jcapimin.obj)”或在“E:\develop\MagickaHero\proj.win32\Debug.win32\vc110.pdb”中寻找)；正在链接对象，如同没有调试信息一样
     1>libjpeg.lib(jcapistd.obj) : warning LNK4099: 未找到 PDB“vc110.pdb”(使用“libjpeg.lib(jcapistd.obj)”或在“E:\develop\MagickaHero\proj.win32\Debug.win32\vc110.pdb”中寻找)；正在链接对象，如同没有调试信息一样
     1>libjpeg.lib(jcarith.obj) : warning LNK4099: 未找到 PDB“vc110.pdb”(使用“libjpeg.lib(jcarith.obj)”或在“E:\develop\MagickaHero\proj.win32\Debug.win32\vc110.pdb”中寻找)；正在链接对象，如同没有调试信息一样
     1>libjpeg.lib(jcparam.obj) : warning LNK4099: 未找到 PDB“vc110.pdb”(使用“libjpeg.lib(jcparam.obj)”或在“E:\develop\MagickaHero\proj.win32\Debug.win32\vc110.pdb”中寻找)；正在链接对象，如同没有调试信息一样
     1>libjpeg.lib(jdatadst.obj) : warning LNK4099: 未找到 PDB“vc110.pdb”(使用“libjpeg.lib(jdatadst.obj)”或在“E:\develop\MagickaHero\proj.win32\Debug.win32\vc110.pdb”中寻找)；正在链接对象，如同没有调试信息一样
     1>libjpeg.lib(jcinit.obj) : warning LNK4099: 未找到 PDB“vc110.pdb”(使用“libjpeg.lib(jcinit.obj)”或在“E:\develop\MagickaHero\proj.win32\Debug.win32\vc110.pdb”中寻找)；正在链接对象，如同没有调试信息一样
     1>libjpeg.lib(jcmaster.obj) : warning LNK4099: 未找到 PDB“vc110.pdb”(使用“libjpeg.lib(jcmaster.obj)”或在“E:\develop\MagickaHero\proj.win32\Debug.win32\vc110.pdb”中寻找)；正在链接对象，如同没有调试信息一样
     1>libjpeg.lib(jcmarker.obj) : warning LNK4099: 未找到 PDB“vc110.pdb”(使用“libjpeg.lib(jcmarker.obj)”或在“E:\develop\MagickaHero\proj.win32\Debug.win32\vc110.pdb”中寻找)；正在链接对象，如同没有调试信息一样
     1>libjpeg.lib(jcmainct.obj) : warning LNK4099: 未找到 PDB“vc110.pdb”(使用“libjpeg.lib(jcmainct.obj)”或在“E:\develop\MagickaHero\proj.win32\Debug.win32\vc110.pdb”中寻找)；正在链接对象，如同没有调试信息一样
     1>libjpeg.lib(jcprepct.obj) : warning LNK4099: 未找到 PDB“vc110.pdb”(使用“libjpeg.lib(jcprepct.obj)”或在“E:\develop\MagickaHero\proj.win32\Debug.win32\vc110.pdb”中寻找)；正在链接对象，如同没有调试信息一样
     1>libjpeg.lib(jccoefct.obj) : warning LNK4099: 未找到 PDB“vc110.pdb”(使用“libjpeg.lib(jccoefct.obj)”或在“E:\develop\MagickaHero\proj.win32\Debug.win32\vc110.pdb”中寻找)；正在链接对象，如同没有调试信息一样
     1>libjpeg.lib(jccolor.obj) : warning LNK4099: 未找到 PDB“vc110.pdb”(使用“libjpeg.lib(jccolor.obj)”或在“E:\develop\MagickaHero\proj.win32\Debug.win32\vc110.pdb”中寻找)；正在链接对象，如同没有调试信息一样
     1>libjpeg.lib(jcsample.obj) : warning LNK4099: 未找到 PDB“vc110.pdb”(使用“libjpeg.lib(jcsample.obj)”或在“E:\develop\MagickaHero\proj.win32\Debug.win32\vc110.pdb”中寻找)；正在链接对象，如同没有调试信息一样
     1>libjpeg.lib(jchuff.obj) : warning LNK4099: 未找到 PDB“vc110.pdb”(使用“libjpeg.lib(jchuff.obj)”或在“E:\develop\MagickaHero\proj.win32\Debug.win32\vc110.pdb”中寻找)；正在链接对象，如同没有调试信息一样
     1>libjpeg.lib(jcdctmgr.obj) : warning LNK4099: 未找到 PDB“vc110.pdb”(使用“libjpeg.lib(jcdctmgr.obj)”或在“E:\develop\MagickaHero\proj.win32\Debug.win32\vc110.pdb”中寻找)；正在链接对象，如同没有调试信息一样
     1>libjpeg.lib(jfdctfst.obj) : warning LNK4099: 未找到 PDB“vc110.pdb”(使用“libjpeg.lib(jfdctfst.obj)”或在“E:\develop\MagickaHero\proj.win32\Debug.win32\vc110.pdb”中寻找)；正在链接对象，如同没有调试信息一样
     1>libjpeg.lib(jfdctflt.obj) : warning LNK4099: 未找到 PDB“vc110.pdb”(使用“libjpeg.lib(jfdctflt.obj)”或在“E:\develop\MagickaHero\proj.win32\Debug.win32\vc110.pdb”中寻找)；正在链接对象，如同没有调试信息一样
     1>libjpeg.lib(jfdctint.obj) : warning LNK4099: 未找到 PDB“vc110.pdb”(使用“libjpeg.lib(jfdctint.obj)”或在“E:\develop\MagickaHero\proj.win32\Debug.win32\vc110.pdb”中寻找)；正在链接对象，如同没有调试信息一样
     1>libjpeg.lib(jdapimin.obj) : warning LNK4099: 未找到 PDB“vc110.pdb”(使用“libjpeg.lib(jdapimin.obj)”或在“E:\develop\MagickaHero\proj.win32\Debug.win32\vc110.pdb”中寻找)；正在链接对象，如同没有调试信息一样
     1>libjpeg.lib(jdapistd.obj) : warning LNK4099: 未找到 PDB“vc110.pdb”(使用“libjpeg.lib(jdapistd.obj)”或在“E:\develop\MagickaHero\proj.win32\Debug.win32\vc110.pdb”中寻找)；正在链接对象，如同没有调试信息一样
     1>libjpeg.lib(jdarith.obj) : warning LNK4099: 未找到 PDB“vc110.pdb”(使用“libjpeg.lib(jdarith.obj)”或在“E:\develop\MagickaHero\proj.win32\Debug.win32\vc110.pdb”中寻找)；正在链接对象，如同没有调试信息一样
     1>libjpeg.lib(jdatasrc.obj) : warning LNK4099: 未找到 PDB“vc110.pdb”(使用“libjpeg.lib(jdatasrc.obj)”或在“E:\develop\MagickaHero\proj.win32\Debug.win32\vc110.pdb”中寻找)；正在链接对象，如同没有调试信息一样
     1>libjpeg.lib(jdmaster.obj) : warning LNK4099: 未找到 PDB“vc110.pdb”(使用“libjpeg.lib(jdmaster.obj)”或在“E:\develop\MagickaHero\proj.win32\Debug.win32\vc110.pdb”中寻找)；正在链接对象，如同没有调试信息一样
     1>libjpeg.lib(jdinput.obj) : warning LNK4099: 未找到 PDB“vc110.pdb”(使用“libjpeg.lib(jdinput.obj)”或在“E:\develop\MagickaHero\proj.win32\Debug.win32\vc110.pdb”中寻找)；正在链接对象，如同没有调试信息一样
     1>libjpeg.lib(jdmarker.obj) : warning LNK4099: 未找到 PDB“vc110.pdb”(使用“libjpeg.lib(jdmarker.obj)”或在“E:\develop\MagickaHero\proj.win32\Debug.win32\vc110.pdb”中寻找)；正在链接对象，如同没有调试信息一样
     1>libjpeg.lib(jdhuff.obj) : warning LNK4099: 未找到 PDB“vc110.pdb”(使用“libjpeg.lib(jdhuff.obj)”或在“E:\develop\MagickaHero\proj.win32\Debug.win32\vc110.pdb”中寻找)；正在链接对象，如同没有调试信息一样
     1>libjpeg.lib(jdmainct.obj) : warning LNK4099: 未找到 PDB“vc110.pdb”(使用“libjpeg.lib(jdmainct.obj)”或在“E:\develop\MagickaHero\proj.win32\Debug.win32\vc110.pdb”中寻找)；正在链接对象，如同没有调试信息一样
     1>libjpeg.lib(jdcoefct.obj) : warning LNK4099: 未找到 PDB“vc110.pdb”(使用“libjpeg.lib(jdcoefct.obj)”或在“E:\develop\MagickaHero\proj.win32\Debug.win32\vc110.pdb”中寻找)；正在链接对象，如同没有调试信息一样
     1>libjpeg.lib(jdpostct.obj) : warning LNK4099: 未找到 PDB“vc110.pdb”(使用“libjpeg.lib(jdpostct.obj)”或在“E:\develop\MagickaHero\proj.win32\Debug.win32\vc110.pdb”中寻找)；正在链接对象，如同没有调试信息一样
     1>libjpeg.lib(jddctmgr.obj) : warning LNK4099: 未找到 PDB“vc110.pdb”(使用“libjpeg.lib(jddctmgr.obj)”或在“E:\develop\MagickaHero\proj.win32\Debug.win32\vc110.pdb”中寻找)；正在链接对象，如同没有调试信息一样
     1>libjpeg.lib(jidctfst.obj) : warning LNK4099: 未找到 PDB“vc110.pdb”(使用“libjpeg.lib(jidctfst.obj)”或在“E:\develop\MagickaHero\proj.win32\Debug.win32\vc110.pdb”中寻找)；正在链接对象，如同没有调试信息一样
     1>libjpeg.lib(jidctflt.obj) : warning LNK4099: 未找到 PDB“vc110.pdb”(使用“libjpeg.lib(jidctflt.obj)”或在“E:\develop\MagickaHero\proj.win32\Debug.win32\vc110.pdb”中寻找)；正在链接对象，如同没有调试信息一样
     1>libjpeg.lib(jidctint.obj) : warning LNK4099: 未找到 PDB“vc110.pdb”(使用“libjpeg.lib(jidctint.obj)”或在“E:\develop\MagickaHero\proj.win32\Debug.win32\vc110.pdb”中寻找)；正在链接对象，如同没有调试信息一样
     1>libjpeg.lib(jdsample.obj) : warning LNK4099: 未找到 PDB“vc110.pdb”(使用“libjpeg.lib(jdsample.obj)”或在“E:\develop\MagickaHero\proj.win32\Debug.win32\vc110.pdb”中寻找)；正在链接对象，如同没有调试信息一样
     1>libjpeg.lib(jdcolor.obj) : warning LNK4099: 未找到 PDB“vc110.pdb”(使用“libjpeg.lib(jdcolor.obj)”或在“E:\develop\MagickaHero\proj.win32\Debug.win32\vc110.pdb”中寻找)；正在链接对象，如同没有调试信息一样
     1>libjpeg.lib(jquant1.obj) : warning LNK4099: 未找到 PDB“vc110.pdb”(使用“libjpeg.lib(jquant1.obj)”或在“E:\develop\MagickaHero\proj.win32\Debug.win32\vc110.pdb”中寻找)；正在链接对象，如同没有调试信息一样
     1>libjpeg.lib(jquant2.obj) : warning LNK4099: 未找到 PDB“vc110.pdb”(使用“libjpeg.lib(jquant2.obj)”或在“E:\develop\MagickaHero\proj.win32\Debug.win32\vc110.pdb”中寻找)；正在链接对象，如同没有调试信息一样
     1>libjpeg.lib(jdmerge.obj) : warning LNK4099: 未找到 PDB“vc110.pdb”(使用“libjpeg.lib(jdmerge.obj)”或在“E:\develop\MagickaHero\proj.win32\Debug.win32\vc110.pdb”中寻找)；正在链接对象，如同没有调试信息一样
     1>libjpeg.lib(jaricom.obj) : warning LNK4099: 未找到 PDB“vc110.pdb”(使用“libjpeg.lib(jaricom.obj)”或在“E:\develop\MagickaHero\proj.win32\Debug.win32\vc110.pdb”中寻找)；正在链接对象，如同没有调试信息一样
     1>libjpeg.lib(jcomapi.obj) : warning LNK4099: 未找到 PDB“vc110.pdb”(使用“libjpeg.lib(jcomapi.obj)”或在“E:\develop\MagickaHero\proj.win32\Debug.win32\vc110.pdb”中寻找)；正在链接对象，如同没有调试信息一样
     1>libjpeg.lib(jutils.obj) : warning LNK4099: 未找到 PDB“vc110.pdb”(使用“libjpeg.lib(jutils.obj)”或在“E:\develop\MagickaHero\proj.win32\Debug.win32\vc110.pdb”中寻找)；正在链接对象，如同没有调试信息一样
     1>libjpeg.lib(jerror.obj) : warning LNK4099: 未找到 PDB“vc110.pdb”(使用“libjpeg.lib(jerror.obj)”或在“E:\develop\MagickaHero\proj.win32\Debug.win32\vc110.pdb”中寻找)；正在链接对象，如同没有调试信息一样
     1>libjpeg.lib(jmemmgr.obj) : warning LNK4099: 未找到 PDB“vc110.pdb”(使用“libjpeg.lib(jmemmgr.obj)”或在“E:\develop\MagickaHero\proj.win32\Debug.win32\vc110.pdb”中寻找)；正在链接对象，如同没有调试信息一样
     1>libjpeg.lib(jmemnobs.obj) : warning LNK4099: 未找到 PDB“vc110.pdb”(使用“libjpeg.lib(jmemnobs.obj)”或在“E:\develop\MagickaHero\proj.win32\Debug.win32\vc110.pdb”中寻找)；正在链接对象，如同没有调试信息一样
         MagickaHero.vcxproj -> E:\develop\MagickaHero\proj.win32\Debug.win32\MagickaHero.exe
     1>已完成生成项目“E:\develop\MagickaHero\proj.win32\MagickaHero.vcxproj”(Build 个目标)的操作。

生成成功。

已用时间 00:00:08.75
