e:\develop\magickahero\cocos2d\cocos\2d\debug.win32\convertutfwrapper.obj
e:\develop\magickahero\cocos2d\cocos\2d\debug.win32\tinyxml2.obj
e:\develop\magickahero\cocos2d\cocos\2d\debug.win32\xxhash.obj
e:\develop\magickahero\cocos2d\cocos\2d\debug.win32\ccanimation3d.obj
e:\develop\magickahero\cocos2d\cocos\2d\debug.win32\ccbundle3d.obj
e:\develop\magickahero\cocos2d\cocos\2d\debug.win32\ccmesh.obj
e:\develop\magickahero\cocos2d\cocos\2d\debug.win32\ccsprite3d.obj
e:\develop\magickahero\cocos2d\cocos\2d\debug.win32\atitc.obj
e:\develop\magickahero\cocos2d\cocos\2d\debug.win32\base64.obj
e:\develop\magickahero\cocos2d\cocos\2d\debug.win32\ccautoreleasepool.obj
e:\develop\magickahero\cocos2d\cocos\2d\debug.win32\ccconfiguration.obj
e:\develop\magickahero\cocos2d\cocos\2d\debug.win32\ccdata.obj
e:\develop\magickahero\cocos2d\cocos\2d\debug.win32\ccdatavisitor.obj
e:\develop\magickahero\cocos2d\cocos\2d\debug.win32\ccdirector.obj
e:\develop\magickahero\cocos2d\cocos\2d\debug.win32\cceventfocus.obj
e:\develop\magickahero\cocos2d\cocos\2d\debug.win32\cceventkeyboard.obj
e:\develop\magickahero\cocos2d\cocos\2d\debug.win32\cceventlistener.obj
e:\develop\magickahero\cocos2d\cocos\2d\debug.win32\cceventlisteneracceleration.obj
e:\develop\magickahero\cocos2d\cocos\2d\debug.win32\cceventlistenerkeyboard.obj
e:\develop\magickahero\cocos2d\cocos\2d\debug.win32\cceventmouse.obj
e:\develop\magickahero\cocos2d\cocos\2d\debug.win32\cceventtouch.obj
e:\develop\magickahero\cocos2d\cocos\2d\debug.win32\ccns.obj
e:\develop\magickahero\cocos2d\cocos\2d\debug.win32\ccref.obj
e:\develop\magickahero\cocos2d\cocos\2d\debug.win32\ccscriptsupport.obj
e:\develop\magickahero\cocos2d\cocos\2d\debug.win32\cctouch.obj
e:\develop\magickahero\cocos2d\cocos\2d\debug.win32\ccutf8.obj
e:\develop\magickahero\cocos2d\cocos\2d\debug.win32\ccvalue.obj
e:\develop\magickahero\cocos2d\cocos\2d\debug.win32\etc1.obj
e:\develop\magickahero\cocos2d\cocos\2d\debug.win32\objectfactory.obj
e:\develop\magickahero\cocos2d\cocos\2d\debug.win32\tgalib.obj
e:\develop\magickahero\cocos2d\cocos\2d\debug.win32\cocos2d.obj
e:\develop\magickahero\cocos2d\cocos\2d\debug.win32\ccarray.obj
e:\develop\magickahero\cocos2d\cocos\2d\debug.win32\ccdictionary.obj
e:\develop\magickahero\cocos2d\cocos\2d\debug.win32\ccnotificationcenter.obj
e:\develop\magickahero\cocos2d\cocos\2d\debug.win32\ccset.obj
e:\develop\magickahero\cocos2d\cocos\2d\debug.win32\ccaffinetransform.obj
e:\develop\magickahero\cocos2d\cocos\2d\debug.win32\ccvertex.obj
e:\develop\magickahero\cocos2d\cocos\2d\debug.win32\mathutil.obj
e:\develop\magickahero\cocos2d\cocos\2d\debug.win32\transformutils.obj
e:\develop\magickahero\cocos2d\cocos\2d\debug.win32\vec2.obj
e:\develop\magickahero\cocos2d\cocos\2d\debug.win32\vec4.obj
e:\develop\magickahero\cocos2d\cocos\2d\debug.win32\ccphysicsbody.obj
e:\develop\magickahero\cocos2d\cocos\2d\debug.win32\ccphysicsshape.obj
e:\develop\magickahero\cocos2d\cocos\2d\debug.win32\ccphysicsbodyinfo_chipmunk.obj
e:\develop\magickahero\cocos2d\cocos\2d\debug.win32\ccphysicscontactinfo_chipmunk.obj
e:\develop\magickahero\cocos2d\cocos\2d\debug.win32\ccphysicsjointinfo_chipmunk.obj
e:\develop\magickahero\cocos2d\cocos\2d\debug.win32\ccphysicsshapeinfo_chipmunk.obj
e:\develop\magickahero\cocos2d\cocos\2d\debug.win32\ccphysicsworldinfo_chipmunk.obj
e:\develop\magickahero\cocos2d\cocos\2d\debug.win32\ccglviewprotocol.obj
e:\develop\magickahero\cocos2d\cocos\2d\debug.win32\ccsaxparser.obj
e:\develop\magickahero\cocos2d\cocos\2d\debug.win32\ccthread.obj
e:\develop\magickahero\cocos2d\cocos\2d\debug.win32\ccapplication.obj
e:\develop\magickahero\cocos2d\cocos\2d\debug.win32\ccfileutilswin32.obj
e:\develop\magickahero\cocos2d\cocos\2d\debug.win32\cccustomcommand.obj
e:\develop\magickahero\cocos2d\cocos\2d\debug.win32\ccglprogramcache.obj
e:\develop\magickahero\cocos2d\cocos\2d\debug.win32\ccglprogramstate.obj
e:\develop\magickahero\cocos2d\cocos\2d\debug.win32\ccglstatecache.obj
e:\develop\magickahero\cocos2d\cocos\2d\debug.win32\ccmeshcommand.obj
e:\develop\magickahero\cocos2d\cocos\2d\debug.win32\ccrenderer.obj
e:\develop\magickahero\cocos2d\cocos\2d\debug.win32\cctextureatlas.obj
e:\develop\magickahero\cocos2d\cocos\2d\debug.win32\ccaction.obj
e:\develop\magickahero\cocos2d\cocos\2d\debug.win32\ccactioncatmullrom.obj
e:\develop\magickahero\cocos2d\cocos\2d\debug.win32\ccactiongrid.obj
e:\develop\magickahero\cocos2d\cocos\2d\debug.win32\ccactioninstant.obj
e:\develop\magickahero\cocos2d\cocos\2d\debug.win32\ccactionmanager.obj
e:\develop\magickahero\cocos2d\cocos\2d\debug.win32\ccactionpageturn3d.obj
e:\develop\magickahero\cocos2d\cocos\2d\debug.win32\ccactiontiledgrid.obj
e:\develop\magickahero\cocos2d\cocos\2d\debug.win32\ccanimation.obj
e:\develop\magickahero\cocos2d\cocos\2d\debug.win32\ccatlasnode.obj
e:\develop\magickahero\cocos2d\cocos\2d\debug.win32\cccomponent.obj
e:\develop\magickahero\cocos2d\cocos\2d\debug.win32\ccdrawingprimitives.obj
e:\develop\magickahero\cocos2d\cocos\2d\debug.win32\ccfasttmxlayer.obj
e:\develop\magickahero\cocos2d\cocos\2d\debug.win32\ccfont.obj
e:\develop\magickahero\cocos2d\cocos\2d\debug.win32\ccfontatlascache.obj
e:\develop\magickahero\cocos2d\cocos\2d\debug.win32\ccfontcharmap.obj
e:\develop\magickahero\cocos2d\cocos\2d\debug.win32\ccfontfreetype.obj
e:\develop\magickahero\cocos2d\cocos\2d\debug.win32\cclabel.obj
e:\develop\magickahero\cocos2d\cocos\2d\debug.win32\cclabelbmfont.obj
e:\develop\magickahero\cocos2d\cocos\2d\debug.win32\cclabelttf.obj
e:\develop\magickahero\cocos2d\cocos\2d\debug.win32\ccmenu.obj
e:\develop\magickahero\cocos2d\cocos\2d\debug.win32\ccmotionstreak.obj
e:\develop\magickahero\cocos2d\cocos\2d\debug.win32\ccnode.obj
e:\develop\magickahero\cocos2d\cocos\2d\debug.win32\ccparticlebatchnode.obj
e:\develop\magickahero\cocos2d\cocos\2d\debug.win32\ccparticlesystem.obj
e:\develop\magickahero\cocos2d\cocos\2d\debug.win32\ccrendertexture.obj
e:\develop\magickahero\cocos2d\cocos\2d\debug.win32\ccsprite.obj
e:\develop\magickahero\cocos2d\cocos\2d\debug.win32\ccspriteframe.obj
e:\develop\magickahero\cocos2d\cocos\2d\debug.win32\cctextfieldttf.obj
e:\develop\magickahero\cocos2d\cocos\2d\debug.win32\cctmxlayer.obj
e:\develop\magickahero\cocos2d\cocos\2d\debug.win32\cctmxobjectgroup.obj
e:\develop\magickahero\cocos2d\cocos\2d\debug.win32\cctmxxmlparser.obj
e:\develop\magickahero\cocos2d\cocos\2d\debug.win32\cctransitionpageturn.obj
e:\develop\magickahero\cocos2d\cocos\2d\debug.win32\cctransitionprogress.obj
e:\develop\magickahero\cocos2d\cocos\2d\debug.win32\convertutf.obj
e:\develop\magickahero\cocos2d\cocos\2d\debug.win32\edtaa3func.obj
e:\develop\magickahero\cocos2d\cocos\2d\debug.win32\ioapi.obj
e:\develop\magickahero\cocos2d\cocos\2d\debug.win32\unzip.obj
e:\develop\magickahero\cocos2d\cocos\2d\debug.win32\ccanimate3d.obj
e:\develop\magickahero\cocos2d\cocos\2d\debug.win32\ccbundlereader.obj
e:\develop\magickahero\cocos2d\cocos\2d\debug.win32\ccmeshskin.obj
e:\develop\magickahero\cocos2d\cocos\2d\debug.win32\ccobjloader.obj
e:\develop\magickahero\cocos2d\cocos\2d\debug.win32\ccsprite3dmaterial.obj
e:\develop\magickahero\cocos2d\cocos\2d\debug.win32\cccarray.obj
e:\develop\magickahero\cocos2d\cocos\2d\debug.win32\ccconsole.obj
e:\develop\magickahero\cocos2d\cocos\2d\debug.win32\ccevent.obj
e:\develop\magickahero\cocos2d\cocos\2d\debug.win32\cceventacceleration.obj
e:\develop\magickahero\cocos2d\cocos\2d\debug.win32\cceventcustom.obj
e:\develop\magickahero\cocos2d\cocos\2d\debug.win32\cceventdispatcher.obj
e:\develop\magickahero\cocos2d\cocos\2d\debug.win32\cceventlistenercustom.obj
e:\develop\magickahero\cocos2d\cocos\2d\debug.win32\cceventlistenerfocus.obj
e:\develop\magickahero\cocos2d\cocos\2d\debug.win32\cceventlistenermouse.obj
e:\develop\magickahero\cocos2d\cocos\2d\debug.win32\cceventlistenertouch.obj
e:\develop\magickahero\cocos2d\cocos\2d\debug.win32\ccfpsimages.obj
e:\develop\magickahero\cocos2d\cocos\2d\debug.win32\ccimedispatcher.obj
e:\develop\magickahero\cocos2d\cocos\2d\debug.win32\ccprofiling.obj
e:\develop\magickahero\cocos2d\cocos\2d\debug.win32\ccscheduler.obj
e:\develop\magickahero\cocos2d\cocos\2d\debug.win32\cctypes.obj
e:\develop\magickahero\cocos2d\cocos\2d\debug.win32\ccuserdefault.obj
e:\develop\magickahero\cocos2d\cocos\2d\debug.win32\ccutils.obj
e:\develop\magickahero\cocos2d\cocos\2d\debug.win32\s3tc.obj
e:\develop\magickahero\cocos2d\cocos\2d\debug.win32\ziputils.obj
e:\develop\magickahero\cocos2d\cocos\2d\debug.win32\ccdeprecated.obj
e:\develop\magickahero\cocos2d\cocos\2d\debug.win32\ccstring.obj
e:\develop\magickahero\cocos2d\cocos\2d\debug.win32\ccgeometry.obj
e:\develop\magickahero\cocos2d\cocos\2d\debug.win32\mat4.obj
e:\develop\magickahero\cocos2d\cocos\2d\debug.win32\quaternion.obj
e:\develop\magickahero\cocos2d\cocos\2d\debug.win32\vec3.obj
e:\develop\magickahero\cocos2d\cocos\2d\debug.win32\ccphysicscontact.obj
e:\develop\magickahero\cocos2d\cocos\2d\debug.win32\ccphysicsjoint.obj
e:\develop\magickahero\cocos2d\cocos\2d\debug.win32\ccphysicsworld.obj
e:\develop\magickahero\cocos2d\cocos\2d\debug.win32\ccfileutils.obj
e:\develop\magickahero\cocos2d\cocos\2d\debug.win32\ccimage.obj
e:\develop\magickahero\cocos2d\cocos\2d\debug.win32\ccglview.obj
e:\develop\magickahero\cocos2d\cocos\2d\debug.win32\cccommon.obj
e:\develop\magickahero\cocos2d\cocos\2d\debug.win32\ccdevice.obj
e:\develop\magickahero\cocos2d\cocos\2d\debug.win32\ccstdc.obj
e:\develop\magickahero\cocos2d\cocos\2d\debug.win32\ccbatchcommand.obj
e:\develop\magickahero\cocos2d\cocos\2d\debug.win32\ccglprogram.obj
e:\develop\magickahero\cocos2d\cocos\2d\debug.win32\ccglprogramstatecache.obj
e:\develop\magickahero\cocos2d\cocos\2d\debug.win32\ccgroupcommand.obj
e:\develop\magickahero\cocos2d\cocos\2d\debug.win32\ccquadcommand.obj
e:\develop\magickahero\cocos2d\cocos\2d\debug.win32\ccrendercommand.obj
e:\develop\magickahero\cocos2d\cocos\2d\debug.win32\ccshaders.obj
e:\develop\magickahero\cocos2d\cocos\2d\debug.win32\cctexture2d.obj
e:\develop\magickahero\cocos2d\cocos\2d\debug.win32\cctexturecache.obj
e:\develop\magickahero\cocos2d\cocos\2d\debug.win32\ccactioncamera.obj
e:\develop\magickahero\cocos2d\cocos\2d\debug.win32\ccactionease.obj
e:\develop\magickahero\cocos2d\cocos\2d\debug.win32\ccactiongrid3d.obj
e:\develop\magickahero\cocos2d\cocos\2d\debug.win32\ccactioninterval.obj
e:\develop\magickahero\cocos2d\cocos\2d\debug.win32\ccactionprogresstimer.obj
e:\develop\magickahero\cocos2d\cocos\2d\debug.win32\ccactiontween.obj
e:\develop\magickahero\cocos2d\cocos\2d\debug.win32\ccanimationcache.obj
e:\develop\magickahero\cocos2d\cocos\2d\debug.win32\ccclippingnode.obj
e:\develop\magickahero\cocos2d\cocos\2d\debug.win32\cccomponentcontainer.obj
e:\develop\magickahero\cocos2d\cocos\2d\debug.win32\ccdrawnode.obj
e:\develop\magickahero\cocos2d\cocos\2d\debug.win32\ccfasttmxtiledmap.obj
e:\develop\magickahero\cocos2d\cocos\2d\debug.win32\ccfontatlas.obj
e:\develop\magickahero\cocos2d\cocos\2d\debug.win32\ccfontfnt.obj
e:\develop\magickahero\cocos2d\cocos\2d\debug.win32\ccglbufferednode.obj
e:\develop\magickahero\cocos2d\cocos\2d\debug.win32\ccgrabber.obj
e:\develop\magickahero\cocos2d\cocos\2d\debug.win32\ccgrid.obj
e:\develop\magickahero\cocos2d\cocos\2d\debug.win32\cclabelatlas.obj
e:\develop\magickahero\cocos2d\cocos\2d\debug.win32\cclabeltextformatter.obj
e:\develop\magickahero\cocos2d\cocos\2d\debug.win32\cclayer.obj
e:\develop\magickahero\cocos2d\cocos\2d\debug.win32\ccmenuitem.obj
e:\develop\magickahero\cocos2d\cocos\2d\debug.win32\ccnodegrid.obj
e:\develop\magickahero\cocos2d\cocos\2d\debug.win32\ccparallaxnode.obj
e:\develop\magickahero\cocos2d\cocos\2d\debug.win32\ccparticleexamples.obj
e:\develop\magickahero\cocos2d\cocos\2d\debug.win32\ccparticlesystemquad.obj
e:\develop\magickahero\cocos2d\cocos\2d\debug.win32\ccprogresstimer.obj
e:\develop\magickahero\cocos2d\cocos\2d\debug.win32\ccscene.obj
e:\develop\magickahero\cocos2d\cocos\2d\debug.win32\ccspritebatchnode.obj
e:\develop\magickahero\cocos2d\cocos\2d\debug.win32\ccspriteframecache.obj
e:\develop\magickahero\cocos2d\cocos\2d\debug.win32\cctilemapatlas.obj
e:\develop\magickahero\cocos2d\cocos\2d\debug.win32\cctmxtiledmap.obj
e:\develop\magickahero\cocos2d\cocos\2d\debug.win32\cctransition.obj
e:\develop\magickahero\cocos2d\cocos\2d\debug.win32\cctweenfunction.obj
e:\develop\magickahero\proj.win32\debug.win32\libcocos2d.lib
e:\develop\magickahero\cocos2d\cocos\2d\debug.win32\libcocos2d.tlog\cl.command.1.tlog
e:\develop\magickahero\cocos2d\cocos\2d\debug.win32\libcocos2d.tlog\cl.read.1.tlog
e:\develop\magickahero\cocos2d\cocos\2d\debug.win32\libcocos2d.tlog\cl.write.1.tlog
e:\develop\magickahero\cocos2d\cocos\2d\debug.win32\libcocos2d.tlog\lib-link.read.1.tlog
e:\develop\magickahero\cocos2d\cocos\2d\debug.win32\libcocos2d.tlog\lib-link.write.1.tlog
e:\develop\magickahero\cocos2d\cocos\2d\debug.win32\libcocos2d.tlog\lib.command.1.tlog
