e:\develop\magickahero\cocos2d\extensions\proj.win32\debug.win32\cccontrol.obj
e:\develop\magickahero\cocos2d\extensions\proj.win32\debug.win32\cccontrolbutton.obj
e:\develop\magickahero\cocos2d\extensions\proj.win32\debug.win32\cccontrolhuepicker.obj
e:\develop\magickahero\cocos2d\extensions\proj.win32\debug.win32\cccontrolsaturationbrightnesspicker.obj
e:\develop\magickahero\cocos2d\extensions\proj.win32\debug.win32\cccontrolstepper.obj
e:\develop\magickahero\cocos2d\extensions\proj.win32\debug.win32\cccontrolutils.obj
e:\develop\magickahero\cocos2d\extensions\proj.win32\debug.win32\ccscale9sprite.obj
e:\develop\magickahero\cocos2d\extensions\proj.win32\debug.win32\cceditboximplwin.obj
e:\develop\magickahero\cocos2d\extensions\proj.win32\debug.win32\cctableviewcell.obj
e:\develop\magickahero\cocos2d\extensions\proj.win32\debug.win32\ccphysicsdebugnode.obj
e:\develop\magickahero\cocos2d\extensions\proj.win32\debug.win32\win32inputbox.obj
e:\develop\magickahero\cocos2d\extensions\proj.win32\debug.win32\assetsmanager.obj
e:\develop\magickahero\cocos2d\extensions\proj.win32\debug.win32\cccontrolcolourpicker.obj
e:\develop\magickahero\cocos2d\extensions\proj.win32\debug.win32\cccontrolpotentiometer.obj
e:\develop\magickahero\cocos2d\extensions\proj.win32\debug.win32\cccontrolslider.obj
e:\develop\magickahero\cocos2d\extensions\proj.win32\debug.win32\cccontrolswitch.obj
e:\develop\magickahero\cocos2d\extensions\proj.win32\debug.win32\ccinvocation.obj
e:\develop\magickahero\cocos2d\extensions\proj.win32\debug.win32\cceditbox.obj
e:\develop\magickahero\cocos2d\extensions\proj.win32\debug.win32\ccscrollview.obj
e:\develop\magickahero\cocos2d\extensions\proj.win32\debug.win32\cctableview.obj
e:\develop\magickahero\cocos2d\extensions\proj.win32\debug.win32\ccphysicssprite.obj
e:\develop\magickahero\proj.win32\debug.win32\libextensions.lib
e:\develop\magickahero\cocos2d\extensions\proj.win32\debug.win32\libextensions.tlog\cl.command.1.tlog
e:\develop\magickahero\cocos2d\extensions\proj.win32\debug.win32\libextensions.tlog\cl.read.1.tlog
e:\develop\magickahero\cocos2d\extensions\proj.win32\debug.win32\libextensions.tlog\cl.write.1.tlog
e:\develop\magickahero\cocos2d\extensions\proj.win32\debug.win32\libextensions.tlog\lib-link.read.1.tlog
e:\develop\magickahero\cocos2d\extensions\proj.win32\debug.win32\libextensions.tlog\lib-link.write.1.tlog
e:\develop\magickahero\cocos2d\extensions\proj.win32\debug.win32\libextensions.tlog\lib.command.1.tlog
