生成启动时间为 2014/8/26 23:26:18。
     1>项目“E:\develop\MagickaHero\cocos2d\cocos\ui\proj.win32\libGUI.vcxproj”在节点 2 上(Build 个目标)。
     1>ClCompile:
         E:\Program Files\Microsoft Visual Studio 12.0\VC\bin\CL.exe /c /IE:\develop\MagickaHero\cocos2d\cocos\2d\..\..\ /IE:\develop\MagickaHero\cocos2d\cocos\2d\..\..\cocos /IE:\develop\MagickaHero\cocos2d\cocos\2d\..\..\cocos\audio\include /I"E:\develop\MagickaHero\cocos2d\cocos\2d\..\..\cocos\editor-support" /IE:\develop\MagickaHero\cocos2d\cocos\2d\..\..\external /IE:\develop\MagickaHero\cocos2d\cocos\2d\..\..\extensions /IE:\develop\MagickaHero\cocos2d\cocos\2d\..\..\cocos /IE:\develop\MagickaHero\cocos2d\cocos\2d\..\..\cocos\platform\win32 /IE:\develop\MagickaHero\cocos2d\cocos\2d\..\..\cocos\platform\desktop /IE:\develop\MagickaHero\cocos2d\cocos\2d\..\..\external\glfw3\include\win32 /I"E:\develop\MagickaHero\cocos2d\cocos\2d\..\..\external\win32-specific\gles\include\OGLES" /Z7 /nologo /W3 /WX- /MP /Od /Oy- /D WIN32 /D _DEBUG /D _WINDOWS /D _LIB /D COCOS2DXWIN32_EXPORTS /D GL_GLEXT_PROTOTYPES /D COCOS2D_DEBUG=1 /D _CRT_SECURE_NO_WARNINGS /D _SCL_SECURE_NO_WARNINGS /D _VARIADIC_MAX=10 /D _USING_V110_SDK71_ /D _UNICODE /D UNICODE /Gm- /EHsc /RTC1 /MDd /GS /fp:precise /Zc:wchar_t /Zc:forScope /Fo"Debug.win32\\" /Fd"Debug.win32\vc120.pdb" /Gd /TP /wd4267 /wd4251 /wd4244 /analyze- /errorReport:prompt ..\CCProtectedNode.cpp ..\CocosGUI.cpp ..\UIButton.cpp ..\UICheckBox.cpp ..\UIDeprecated.cpp ..\UIHBox.cpp ..\UIHelper.cpp ..\UIImageView.cpp ..\UILayout.cpp ..\UILayoutManager.cpp ..\UILayoutParameter.cpp ..\UIListView.cpp ..\UILoadingBar.cpp ..\UIPageView.cpp ..\UIRelativeBox.cpp ..\UIRichText.cpp ..\UIScrollView.cpp ..\UISlider.cpp ..\UIText.cpp ..\UITextAtlas.cpp ..\UITextBMFont.cpp ..\UITextField.cpp ..\UIVBox.cpp ..\UIWidget.cpp
         CCProtectedNode.cpp
         CocosGUI.cpp
     1>E:\develop\MagickaHero\cocos2d\cocos\ui/UIWidget.h(48): warning C4996: 'cocos2d::ui::TouchEventType': 被声明为已否决 (..\CocosGUI.cpp)
                 E:\develop\MagickaHero\cocos2d\cocos\ui/UIWidget.h(46) : 参见“cocos2d::ui::TouchEventType”的声明
     1>E:\develop\MagickaHero\cocos2d\cocos\ui/UIWidget.h(236): warning C4996: 'cocos2d::ui::SEL_TouchEvent': 被声明为已否决 (..\CocosGUI.cpp)
                 E:\develop\MagickaHero\cocos2d\cocos\ui/UIWidget.h(48) : 参见“cocos2d::ui::SEL_TouchEvent”的声明
     1>E:\develop\MagickaHero\cocos2d\cocos\ui/UIWidget.h(204): warning C4996: 'cocos2d::ui::SEL_TouchEvent': 被声明为已否决 (..\CocosGUI.cpp)
                 E:\develop\MagickaHero\cocos2d\cocos\ui/UIWidget.h(48) : 参见“cocos2d::ui::SEL_TouchEvent”的声明
     1>E:\develop\MagickaHero\cocos2d\cocos\ui/UIWidget.h(204): warning C4996: 'cocos2d::ui::TouchEventType': 被声明为已否决 (..\CocosGUI.cpp)
                 E:\develop\MagickaHero\cocos2d\cocos\ui/UIWidget.h(46) : 参见“cocos2d::ui::TouchEventType”的声明
     1>E:\develop\MagickaHero\cocos2d\cocos\ui/UICheckBox.h(42): warning C4996: 'cocos2d::ui::CheckBoxEventType': 被声明为已否决 (..\CocosGUI.cpp)
                 E:\develop\MagickaHero\cocos2d\cocos\ui/UICheckBox.h(40) : 参见“cocos2d::ui::CheckBoxEventType”的声明
     1>E:\develop\MagickaHero\cocos2d\cocos\ui/UICheckBox.h(178): warning C4996: 'cocos2d::ui::SEL_SelectedStateEvent': 被声明为已否决 (..\CocosGUI.cpp)
                 E:\develop\MagickaHero\cocos2d\cocos\ui/UICheckBox.h(42) : 参见“cocos2d::ui::SEL_SelectedStateEvent”的声明
     1>E:\develop\MagickaHero\cocos2d\cocos\ui/UIScrollView.h(49): warning C4996: 'cocos2d::ui::ScrollviewEventType': 被声明为已否决 (..\CocosGUI.cpp)
                 E:\develop\MagickaHero\cocos2d\cocos\ui/UIScrollView.h(47) : 参见“cocos2d::ui::ScrollviewEventType”的声明
     1>E:\develop\MagickaHero\cocos2d\cocos\ui/UIScrollView.h(253): warning C4996: 'cocos2d::ui::SEL_ScrollViewEvent': 被声明为已否决 (..\CocosGUI.cpp)
                 E:\develop\MagickaHero\cocos2d\cocos\ui/UIScrollView.h(49) : 参见“cocos2d::ui::SEL_ScrollViewEvent”的声明
     1>E:\develop\MagickaHero\cocos2d\cocos\ui/UIListView.h(41): warning C4996: 'cocos2d::ui::ListViewEventType': 被声明为已否决 (..\CocosGUI.cpp)
                 E:\develop\MagickaHero\cocos2d\cocos\ui/UIListView.h(39) : 参见“cocos2d::ui::ListViewEventType”的声明
     1>E:\develop\MagickaHero\cocos2d\cocos\ui/UIListView.h(176): warning C4996: 'cocos2d::ui::SEL_ListViewEvent': 被声明为已否决 (..\CocosGUI.cpp)
                 E:\develop\MagickaHero\cocos2d\cocos\ui/UIListView.h(41) : 参见“cocos2d::ui::SEL_ListViewEvent”的声明
     1>E:\develop\MagickaHero\cocos2d\cocos\ui/UISlider.h(41): warning C4996: 'cocos2d::ui::SliderEventType': 被声明为已否决 (..\CocosGUI.cpp)
                 E:\develop\MagickaHero\cocos2d\cocos\ui/UISlider.h(39) : 参见“cocos2d::ui::SliderEventType”的声明
     1>E:\develop\MagickaHero\cocos2d\cocos\ui/UISlider.h(186): warning C4996: 'cocos2d::ui::SEL_SlidPercentChangedEvent': 被声明为已否决 (..\CocosGUI.cpp)
                 E:\develop\MagickaHero\cocos2d\cocos\ui/UISlider.h(41) : 参见“cocos2d::ui::SEL_SlidPercentChangedEvent”的声明
     1>E:\develop\MagickaHero\cocos2d\cocos\ui/UITextField.h(102): warning C4996: 'cocos2d::ui::TextFiledEventType': 被声明为已否决 (..\CocosGUI.cpp)
                 E:\develop\MagickaHero\cocos2d\cocos\ui/UITextField.h(100) : 参见“cocos2d::ui::TextFiledEventType”的声明
     1>E:\develop\MagickaHero\cocos2d\cocos\ui/UITextField.h(174): warning C4996: 'cocos2d::ui::SEL_TextFieldEvent': 被声明为已否决 (..\CocosGUI.cpp)
                 E:\develop\MagickaHero\cocos2d\cocos\ui/UITextField.h(102) : 参见“cocos2d::ui::SEL_TextFieldEvent”的声明
     1>E:\develop\MagickaHero\cocos2d\cocos\ui/UIPageView.h(39): warning C4996: 'cocos2d::ui::PageViewEventType': 被声明为已否决 (..\CocosGUI.cpp)
                 E:\develop\MagickaHero\cocos2d\cocos\ui/UIPageView.h(37) : 参见“cocos2d::ui::PageViewEventType”的声明
     1>E:\develop\MagickaHero\cocos2d\cocos\ui/UIPageView.h(137): warning C4996: 'cocos2d::ui::SEL_PageViewEvent': 被声明为已否决 (..\CocosGUI.cpp)
                 E:\develop\MagickaHero\cocos2d\cocos\ui/UIPageView.h(39) : 参见“cocos2d::ui::SEL_PageViewEvent”的声明
     1>E:\develop\MagickaHero\cocos2d\cocos\ui/UIPageView.h(154): warning C4996: 'cocos2d::ui::SEL_PageViewEvent': 被声明为已否决 (..\CocosGUI.cpp)
                 E:\develop\MagickaHero\cocos2d\cocos\ui/UIPageView.h(39) : 参见“cocos2d::ui::SEL_PageViewEvent”的声明
     1>E:\develop\MagickaHero\cocos2d\cocos\ui/UIPageView.h(154): warning C4996: 'cocos2d::ui::PageViewEventType': 被声明为已否决 (..\CocosGUI.cpp)
                 E:\develop\MagickaHero\cocos2d\cocos\ui/UIPageView.h(37) : 参见“cocos2d::ui::PageViewEventType”的声明
         UIButton.cpp
         UICheckBox.cpp
     1>E:\develop\MagickaHero\cocos2d\cocos\ui/UIWidget.h(48): warning C4996: 'cocos2d::ui::TouchEventType': 被声明为已否决 (..\UIButton.cpp)
                 E:\develop\MagickaHero\cocos2d\cocos\ui/UIWidget.h(46) : 参见“cocos2d::ui::TouchEventType”的声明
     1>E:\develop\MagickaHero\cocos2d\cocos\ui/UIWidget.h(236): warning C4996: 'cocos2d::ui::SEL_TouchEvent': 被声明为已否决 (..\UIButton.cpp)
                 E:\develop\MagickaHero\cocos2d\cocos\ui/UIWidget.h(48) : 参见“cocos2d::ui::SEL_TouchEvent”的声明
     1>E:\develop\MagickaHero\cocos2d\cocos\ui/UIWidget.h(204): warning C4996: 'cocos2d::ui::SEL_TouchEvent': 被声明为已否决 (..\UIButton.cpp)
                 E:\develop\MagickaHero\cocos2d\cocos\ui/UIWidget.h(48) : 参见“cocos2d::ui::SEL_TouchEvent”的声明
     1>E:\develop\MagickaHero\cocos2d\cocos\ui/UIWidget.h(204): warning C4996: 'cocos2d::ui::TouchEventType': 被声明为已否决 (..\UIButton.cpp)
                 E:\develop\MagickaHero\cocos2d\cocos\ui/UIWidget.h(46) : 参见“cocos2d::ui::TouchEventType”的声明
     1>E:\develop\MagickaHero\cocos2d\cocos\ui/UIWidget.h(48): warning C4996: 'cocos2d::ui::TouchEventType': 被声明为已否决 (..\UICheckBox.cpp)
                 E:\develop\MagickaHero\cocos2d\cocos\ui/UIWidget.h(46) : 参见“cocos2d::ui::TouchEventType”的声明
     1>E:\develop\MagickaHero\cocos2d\cocos\ui/UIWidget.h(236): warning C4996: 'cocos2d::ui::SEL_TouchEvent': 被声明为已否决 (..\UICheckBox.cpp)
                 E:\develop\MagickaHero\cocos2d\cocos\ui/UIWidget.h(48) : 参见“cocos2d::ui::SEL_TouchEvent”的声明
     1>E:\develop\MagickaHero\cocos2d\cocos\ui/UIWidget.h(204): warning C4996: 'cocos2d::ui::SEL_TouchEvent': 被声明为已否决 (..\UICheckBox.cpp)
                 E:\develop\MagickaHero\cocos2d\cocos\ui/UIWidget.h(48) : 参见“cocos2d::ui::SEL_TouchEvent”的声明
     1>E:\develop\MagickaHero\cocos2d\cocos\ui/UIWidget.h(204): warning C4996: 'cocos2d::ui::TouchEventType': 被声明为已否决 (..\UICheckBox.cpp)
                 E:\develop\MagickaHero\cocos2d\cocos\ui/UIWidget.h(46) : 参见“cocos2d::ui::TouchEventType”的声明
     1>E:\develop\MagickaHero\cocos2d\cocos\ui/UICheckBox.h(42): warning C4996: 'cocos2d::ui::CheckBoxEventType': 被声明为已否决 (..\UICheckBox.cpp)
                 E:\develop\MagickaHero\cocos2d\cocos\ui/UICheckBox.h(40) : 参见“cocos2d::ui::CheckBoxEventType”的声明
     1>E:\develop\MagickaHero\cocos2d\cocos\ui/UICheckBox.h(178): warning C4996: 'cocos2d::ui::SEL_SelectedStateEvent': 被声明为已否决 (..\UICheckBox.cpp)
                 E:\develop\MagickaHero\cocos2d\cocos\ui/UICheckBox.h(42) : 参见“cocos2d::ui::SEL_SelectedStateEvent”的声明
     1>..\UICheckBox.cpp(38): warning C4996: 'cocos2d::ui::SEL_SelectedStateEvent': 被声明为已否决
                 E:\develop\MagickaHero\cocos2d\cocos\ui/UICheckBox.h(42) : 参见“cocos2d::ui::SEL_SelectedStateEvent”的声明
     1>..\UICheckBox.cpp(38): warning C4996: 'cocos2d::ui::CheckBoxEventType': 被声明为已否决
                 E:\develop\MagickaHero\cocos2d\cocos\ui/UICheckBox.h(40) : 参见“cocos2d::ui::CheckBoxEventType”的声明
     1>..\UICheckBox.cpp(64): warning C4996: 'cocos2d::ui::SEL_SelectedStateEvent': 被声明为已否决
                 E:\develop\MagickaHero\cocos2d\cocos\ui/UICheckBox.h(42) : 参见“cocos2d::ui::SEL_SelectedStateEvent”的声明
     1>..\UICheckBox.cpp(70): warning C4996: 'cocos2d::ui::SEL_SelectedStateEvent': 被声明为已否决
                 E:\develop\MagickaHero\cocos2d\cocos\ui/UICheckBox.h(42) : 参见“cocos2d::ui::SEL_SelectedStateEvent”的声明
     1>..\UICheckBox.cpp(367): warning C4996: 'cocos2d::ui::SEL_SelectedStateEvent': 被声明为已否决
                 E:\develop\MagickaHero\cocos2d\cocos\ui/UICheckBox.h(42) : 参见“cocos2d::ui::SEL_SelectedStateEvent”的声明
     1>..\UICheckBox.cpp(369): warning C4996: 'cocos2d::ui::SEL_SelectedStateEvent': 被声明为已否决
                 E:\develop\MagickaHero\cocos2d\cocos\ui/UICheckBox.h(42) : 参见“cocos2d::ui::SEL_SelectedStateEvent”的声明
     1>..\UICheckBox.cpp(378): warning C4996: 'cocos2d::ui::SEL_SelectedStateEvent': 被声明为已否决
                 E:\develop\MagickaHero\cocos2d\cocos\ui/UICheckBox.h(42) : 参见“cocos2d::ui::SEL_SelectedStateEvent”的声明
     1>..\UICheckBox.cpp(380): warning C4996: 'cocos2d::ui::SEL_SelectedStateEvent': 被声明为已否决
                 E:\develop\MagickaHero\cocos2d\cocos\ui/UICheckBox.h(42) : 参见“cocos2d::ui::SEL_SelectedStateEvent”的声明
     1>..\UICheckBox.cpp(384): warning C4996: 'cocos2d::ui::SEL_SelectedStateEvent': 被声明为已否决
                 E:\develop\MagickaHero\cocos2d\cocos\ui/UICheckBox.h(42) : 参见“cocos2d::ui::SEL_SelectedStateEvent”的声明
     1>..\UICheckBox.cpp(387): warning C4996: 'cocos2d::ui::SEL_SelectedStateEvent': 被声明为已否决
                 E:\develop\MagickaHero\cocos2d\cocos\ui/UICheckBox.h(42) : 参见“cocos2d::ui::SEL_SelectedStateEvent”的声明
     1>..\UICheckBox.cpp(388): warning C4996: 'cocos2d::ui::SEL_SelectedStateEvent': 被声明为已否决
                 E:\develop\MagickaHero\cocos2d\cocos\ui/UICheckBox.h(42) : 参见“cocos2d::ui::SEL_SelectedStateEvent”的声明
     1>..\UICheckBox.cpp(594): warning C4996: 'cocos2d::ui::SEL_SelectedStateEvent': 被声明为已否决
                 E:\develop\MagickaHero\cocos2d\cocos\ui/UICheckBox.h(42) : 参见“cocos2d::ui::SEL_SelectedStateEvent”的声明
         UIDeprecated.cpp
         UIHBox.cpp
     1>E:\develop\MagickaHero\cocos2d\cocos\ui/UIWidget.h(48): warning C4996: 'cocos2d::ui::TouchEventType': 被声明为已否决 (..\UIDeprecated.cpp)
                 E:\develop\MagickaHero\cocos2d\cocos\ui/UIWidget.h(46) : 参见“cocos2d::ui::TouchEventType”的声明
     1>E:\develop\MagickaHero\cocos2d\cocos\ui/UIWidget.h(236): warning C4996: 'cocos2d::ui::SEL_TouchEvent': 被声明为已否决 (..\UIDeprecated.cpp)
                 E:\develop\MagickaHero\cocos2d\cocos\ui/UIWidget.h(48) : 参见“cocos2d::ui::SEL_TouchEvent”的声明
     1>E:\develop\MagickaHero\cocos2d\cocos\ui/UIWidget.h(204): warning C4996: 'cocos2d::ui::SEL_TouchEvent': 被声明为已否决 (..\UIDeprecated.cpp)
                 E:\develop\MagickaHero\cocos2d\cocos\ui/UIWidget.h(48) : 参见“cocos2d::ui::SEL_TouchEvent”的声明
     1>E:\develop\MagickaHero\cocos2d\cocos\ui/UIWidget.h(204): warning C4996: 'cocos2d::ui::TouchEventType': 被声明为已否决 (..\UIDeprecated.cpp)
                 E:\develop\MagickaHero\cocos2d\cocos\ui/UIWidget.h(46) : 参见“cocos2d::ui::TouchEventType”的声明
     1>E:\develop\MagickaHero\cocos2d\cocos\ui/UIScrollView.h(49): warning C4996: 'cocos2d::ui::ScrollviewEventType': 被声明为已否决 (..\UIDeprecated.cpp)
                 E:\develop\MagickaHero\cocos2d\cocos\ui/UIScrollView.h(47) : 参见“cocos2d::ui::ScrollviewEventType”的声明
     1>E:\develop\MagickaHero\cocos2d\cocos\ui/UIScrollView.h(253): warning C4996: 'cocos2d::ui::SEL_ScrollViewEvent': 被声明为已否决 (..\UIDeprecated.cpp)
                 E:\develop\MagickaHero\cocos2d\cocos\ui/UIScrollView.h(49) : 参见“cocos2d::ui::SEL_ScrollViewEvent”的声明
     1>E:\develop\MagickaHero\cocos2d\cocos\ui/UIListView.h(41): warning C4996: 'cocos2d::ui::ListViewEventType': 被声明为已否决 (..\UIDeprecated.cpp)
                 E:\develop\MagickaHero\cocos2d\cocos\ui/UIListView.h(39) : 参见“cocos2d::ui::ListViewEventType”的声明
     1>E:\develop\MagickaHero\cocos2d\cocos\ui/UIListView.h(176): warning C4996: 'cocos2d::ui::SEL_ListViewEvent': 被声明为已否决 (..\UIDeprecated.cpp)
                 E:\develop\MagickaHero\cocos2d\cocos\ui/UIListView.h(41) : 参见“cocos2d::ui::SEL_ListViewEvent”的声明
     1>E:\develop\MagickaHero\cocos2d\cocos\ui/UIPageView.h(39): warning C4996: 'cocos2d::ui::PageViewEventType': 被声明为已否决 (..\UIDeprecated.cpp)
                 E:\develop\MagickaHero\cocos2d\cocos\ui/UIPageView.h(37) : 参见“cocos2d::ui::PageViewEventType”的声明
     1>E:\develop\MagickaHero\cocos2d\cocos\ui/UIPageView.h(137): warning C4996: 'cocos2d::ui::SEL_PageViewEvent': 被声明为已否决 (..\UIDeprecated.cpp)
                 E:\develop\MagickaHero\cocos2d\cocos\ui/UIPageView.h(39) : 参见“cocos2d::ui::SEL_PageViewEvent”的声明
     1>E:\develop\MagickaHero\cocos2d\cocos\ui/UIPageView.h(154): warning C4996: 'cocos2d::ui::SEL_PageViewEvent': 被声明为已否决 (..\UIDeprecated.cpp)
                 E:\develop\MagickaHero\cocos2d\cocos\ui/UIPageView.h(39) : 参见“cocos2d::ui::SEL_PageViewEvent”的声明
     1>E:\develop\MagickaHero\cocos2d\cocos\ui/UIPageView.h(154): warning C4996: 'cocos2d::ui::PageViewEventType': 被声明为已否决 (..\UIDeprecated.cpp)
                 E:\develop\MagickaHero\cocos2d\cocos\ui/UIPageView.h(37) : 参见“cocos2d::ui::PageViewEventType”的声明
     1>E:\develop\MagickaHero\cocos2d\cocos\ui/UIWidget.h(48): warning C4996: 'cocos2d::ui::TouchEventType': 被声明为已否决 (..\UIHBox.cpp)
                 E:\develop\MagickaHero\cocos2d\cocos\ui/UIWidget.h(46) : 参见“cocos2d::ui::TouchEventType”的声明
     1>E:\develop\MagickaHero\cocos2d\cocos\ui/UIWidget.h(236): warning C4996: 'cocos2d::ui::SEL_TouchEvent': 被声明为已否决 (..\UIHBox.cpp)
                 E:\develop\MagickaHero\cocos2d\cocos\ui/UIWidget.h(48) : 参见“cocos2d::ui::SEL_TouchEvent”的声明
     1>E:\develop\MagickaHero\cocos2d\cocos\ui/UIWidget.h(204): warning C4996: 'cocos2d::ui::SEL_TouchEvent': 被声明为已否决 (..\UIHBox.cpp)
                 E:\develop\MagickaHero\cocos2d\cocos\ui/UIWidget.h(48) : 参见“cocos2d::ui::SEL_TouchEvent”的声明
     1>E:\develop\MagickaHero\cocos2d\cocos\ui/UIWidget.h(204): warning C4996: 'cocos2d::ui::TouchEventType': 被声明为已否决 (..\UIHBox.cpp)
                 E:\develop\MagickaHero\cocos2d\cocos\ui/UIWidget.h(46) : 参见“cocos2d::ui::TouchEventType”的声明
         UIHelper.cpp
         UIImageView.cpp
     1>E:\develop\MagickaHero\cocos2d\cocos\ui/UIWidget.h(48): warning C4996: 'cocos2d::ui::TouchEventType': 被声明为已否决 (..\UIHelper.cpp)
                 E:\develop\MagickaHero\cocos2d\cocos\ui/UIWidget.h(46) : 参见“cocos2d::ui::TouchEventType”的声明
     1>E:\develop\MagickaHero\cocos2d\cocos\ui/UIWidget.h(236): warning C4996: 'cocos2d::ui::SEL_TouchEvent': 被声明为已否决 (..\UIHelper.cpp)
                 E:\develop\MagickaHero\cocos2d\cocos\ui/UIWidget.h(48) : 参见“cocos2d::ui::SEL_TouchEvent”的声明
     1>E:\develop\MagickaHero\cocos2d\cocos\ui/UIWidget.h(204): warning C4996: 'cocos2d::ui::SEL_TouchEvent': 被声明为已否决 (..\UIHelper.cpp)
                 E:\develop\MagickaHero\cocos2d\cocos\ui/UIWidget.h(48) : 参见“cocos2d::ui::SEL_TouchEvent”的声明
     1>E:\develop\MagickaHero\cocos2d\cocos\ui/UIWidget.h(204): warning C4996: 'cocos2d::ui::TouchEventType': 被声明为已否决 (..\UIHelper.cpp)
                 E:\develop\MagickaHero\cocos2d\cocos\ui/UIWidget.h(46) : 参见“cocos2d::ui::TouchEventType”的声明
         UILayout.cpp
     1>E:\develop\MagickaHero\cocos2d\cocos\ui/UIWidget.h(48): warning C4996: 'cocos2d::ui::TouchEventType': 被声明为已否决 (..\UIImageView.cpp)
                 E:\develop\MagickaHero\cocos2d\cocos\ui/UIWidget.h(46) : 参见“cocos2d::ui::TouchEventType”的声明
     1>E:\develop\MagickaHero\cocos2d\cocos\ui/UIWidget.h(236): warning C4996: 'cocos2d::ui::SEL_TouchEvent': 被声明为已否决 (..\UIImageView.cpp)
                 E:\develop\MagickaHero\cocos2d\cocos\ui/UIWidget.h(48) : 参见“cocos2d::ui::SEL_TouchEvent”的声明
     1>E:\develop\MagickaHero\cocos2d\cocos\ui/UIWidget.h(204): warning C4996: 'cocos2d::ui::SEL_TouchEvent': 被声明为已否决 (..\UIImageView.cpp)
                 E:\develop\MagickaHero\cocos2d\cocos\ui/UIWidget.h(48) : 参见“cocos2d::ui::SEL_TouchEvent”的声明
     1>E:\develop\MagickaHero\cocos2d\cocos\ui/UIWidget.h(204): warning C4996: 'cocos2d::ui::TouchEventType': 被声明为已否决 (..\UIImageView.cpp)
                 E:\develop\MagickaHero\cocos2d\cocos\ui/UIWidget.h(46) : 参见“cocos2d::ui::TouchEventType”的声明
         UILayoutManager.cpp
     1>E:\develop\MagickaHero\cocos2d\cocos\ui/UIWidget.h(48): warning C4996: 'cocos2d::ui::TouchEventType': 被声明为已否决 (..\UILayout.cpp)
                 E:\develop\MagickaHero\cocos2d\cocos\ui/UIWidget.h(46) : 参见“cocos2d::ui::TouchEventType”的声明
     1>E:\develop\MagickaHero\cocos2d\cocos\ui/UIWidget.h(236): warning C4996: 'cocos2d::ui::SEL_TouchEvent': 被声明为已否决 (..\UILayout.cpp)
                 E:\develop\MagickaHero\cocos2d\cocos\ui/UIWidget.h(48) : 参见“cocos2d::ui::SEL_TouchEvent”的声明
     1>E:\develop\MagickaHero\cocos2d\cocos\ui/UIWidget.h(204): warning C4996: 'cocos2d::ui::SEL_TouchEvent': 被声明为已否决 (..\UILayout.cpp)
                 E:\develop\MagickaHero\cocos2d\cocos\ui/UIWidget.h(48) : 参见“cocos2d::ui::SEL_TouchEvent”的声明
     1>E:\develop\MagickaHero\cocos2d\cocos\ui/UIWidget.h(204): warning C4996: 'cocos2d::ui::TouchEventType': 被声明为已否决 (..\UILayout.cpp)
                 E:\develop\MagickaHero\cocos2d\cocos\ui/UIWidget.h(46) : 参见“cocos2d::ui::TouchEventType”的声明
     1>..\UILayout.cpp(1651): warning C4800: “int”: 将值强制为布尔值“true”或“false”(性能警告)
     1>..\UILayout.cpp(1661): warning C4800: “int”: 将值强制为布尔值“true”或“false”(性能警告)
     1>..\UILayout.cpp(1684): warning C4800: “int”: 将值强制为布尔值“true”或“false”(性能警告)
     1>..\UILayout.cpp(1696): warning C4800: “int”: 将值强制为布尔值“true”或“false”(性能警告)
     1>E:\develop\MagickaHero\cocos2d\cocos\ui/UIWidget.h(48): warning C4996: 'cocos2d::ui::TouchEventType': 被声明为已否决 (..\UILayoutManager.cpp)
                 E:\develop\MagickaHero\cocos2d\cocos\ui/UIWidget.h(46) : 参见“cocos2d::ui::TouchEventType”的声明
     1>E:\develop\MagickaHero\cocos2d\cocos\ui/UIWidget.h(236): warning C4996: 'cocos2d::ui::SEL_TouchEvent': 被声明为已否决 (..\UILayoutManager.cpp)
                 E:\develop\MagickaHero\cocos2d\cocos\ui/UIWidget.h(48) : 参见“cocos2d::ui::SEL_TouchEvent”的声明
     1>E:\develop\MagickaHero\cocos2d\cocos\ui/UIWidget.h(204): warning C4996: 'cocos2d::ui::SEL_TouchEvent': 被声明为已否决 (..\UILayoutManager.cpp)
                 E:\develop\MagickaHero\cocos2d\cocos\ui/UIWidget.h(48) : 参见“cocos2d::ui::SEL_TouchEvent”的声明
     1>E:\develop\MagickaHero\cocos2d\cocos\ui/UIWidget.h(204): warning C4996: 'cocos2d::ui::TouchEventType': 被声明为已否决 (..\UILayoutManager.cpp)
                 E:\develop\MagickaHero\cocos2d\cocos\ui/UIWidget.h(46) : 参见“cocos2d::ui::TouchEventType”的声明
     1>e:\develop\magickahero\cocos2d\cocos\ui\uilayout.cpp(1764): warning C4715: “cocos2d::ui::Layout::isWidgetAncestorSupportLoopFocus”: 不是所有的控件路径都返回值
         UILayoutParameter.cpp
         UIListView.cpp
     1>E:\develop\MagickaHero\cocos2d\cocos\ui/UIWidget.h(48): warning C4996: 'cocos2d::ui::TouchEventType': 被声明为已否决 (..\UIListView.cpp)
                 E:\develop\MagickaHero\cocos2d\cocos\ui/UIWidget.h(46) : 参见“cocos2d::ui::TouchEventType”的声明
     1>E:\develop\MagickaHero\cocos2d\cocos\ui/UIWidget.h(236): warning C4996: 'cocos2d::ui::SEL_TouchEvent': 被声明为已否决 (..\UIListView.cpp)
                 E:\develop\MagickaHero\cocos2d\cocos\ui/UIWidget.h(48) : 参见“cocos2d::ui::SEL_TouchEvent”的声明
     1>E:\develop\MagickaHero\cocos2d\cocos\ui/UIWidget.h(204): warning C4996: 'cocos2d::ui::SEL_TouchEvent': 被声明为已否决 (..\UIListView.cpp)
                 E:\develop\MagickaHero\cocos2d\cocos\ui/UIWidget.h(48) : 参见“cocos2d::ui::SEL_TouchEvent”的声明
     1>E:\develop\MagickaHero\cocos2d\cocos\ui/UIWidget.h(204): warning C4996: 'cocos2d::ui::TouchEventType': 被声明为已否决 (..\UIListView.cpp)
                 E:\develop\MagickaHero\cocos2d\cocos\ui/UIWidget.h(46) : 参见“cocos2d::ui::TouchEventType”的声明
     1>E:\develop\MagickaHero\cocos2d\cocos\ui/UIScrollView.h(49): warning C4996: 'cocos2d::ui::ScrollviewEventType': 被声明为已否决 (..\UIListView.cpp)
                 E:\develop\MagickaHero\cocos2d\cocos\ui/UIScrollView.h(47) : 参见“cocos2d::ui::ScrollviewEventType”的声明
     1>E:\develop\MagickaHero\cocos2d\cocos\ui/UIScrollView.h(253): warning C4996: 'cocos2d::ui::SEL_ScrollViewEvent': 被声明为已否决 (..\UIListView.cpp)
                 E:\develop\MagickaHero\cocos2d\cocos\ui/UIScrollView.h(49) : 参见“cocos2d::ui::SEL_ScrollViewEvent”的声明
     1>E:\develop\MagickaHero\cocos2d\cocos\ui/UIListView.h(41): warning C4996: 'cocos2d::ui::ListViewEventType': 被声明为已否决 (..\UIListView.cpp)
                 E:\develop\MagickaHero\cocos2d\cocos\ui/UIListView.h(39) : 参见“cocos2d::ui::ListViewEventType”的声明
     1>E:\develop\MagickaHero\cocos2d\cocos\ui/UIListView.h(176): warning C4996: 'cocos2d::ui::SEL_ListViewEvent': 被声明为已否决 (..\UIListView.cpp)
                 E:\develop\MagickaHero\cocos2d\cocos\ui/UIListView.h(41) : 参见“cocos2d::ui::SEL_ListViewEvent”的声明
     1>E:\develop\MagickaHero\cocos2d\cocos\ui/UIWidget.h(48): warning C4996: 'cocos2d::ui::TouchEventType': 被声明为已否决 (..\UILayoutParameter.cpp)
                 E:\develop\MagickaHero\cocos2d\cocos\ui/UIWidget.h(46) : 参见“cocos2d::ui::TouchEventType”的声明
     1>E:\develop\MagickaHero\cocos2d\cocos\ui/UIWidget.h(236): warning C4996: 'cocos2d::ui::SEL_TouchEvent': 被声明为已否决 (..\UILayoutParameter.cpp)
                 E:\develop\MagickaHero\cocos2d\cocos\ui/UIWidget.h(48) : 参见“cocos2d::ui::SEL_TouchEvent”的声明
     1>E:\develop\MagickaHero\cocos2d\cocos\ui/UIWidget.h(204): warning C4996: 'cocos2d::ui::SEL_TouchEvent': 被声明为已否决 (..\UILayoutParameter.cpp)
                 E:\develop\MagickaHero\cocos2d\cocos\ui/UIWidget.h(48) : 参见“cocos2d::ui::SEL_TouchEvent”的声明
     1>E:\develop\MagickaHero\cocos2d\cocos\ui/UIWidget.h(204): warning C4996: 'cocos2d::ui::TouchEventType': 被声明为已否决 (..\UILayoutParameter.cpp)
                 E:\develop\MagickaHero\cocos2d\cocos\ui/UIWidget.h(46) : 参见“cocos2d::ui::TouchEventType”的声明
     1>..\UIListView.cpp(33): warning C4996: 'cocos2d::ui::SEL_ScrollViewEvent': 被声明为已否决
                 E:\develop\MagickaHero\cocos2d\cocos\ui/UIScrollView.h(49) : 参见“cocos2d::ui::SEL_ScrollViewEvent”的声明
     1>..\UIListView.cpp(33): warning C4996: 'cocos2d::ui::ScrollviewEventType': 被声明为已否决
                 E:\develop\MagickaHero\cocos2d\cocos\ui/UIScrollView.h(47) : 参见“cocos2d::ui::ScrollviewEventType”的声明
     1>..\UIListView.cpp(33): warning C4996: 'cocos2d::ui::SEL_ListViewEvent': 被声明为已否决
                 E:\develop\MagickaHero\cocos2d\cocos\ui/UIListView.h(41) : 参见“cocos2d::ui::SEL_ListViewEvent”的声明
     1>..\UIListView.cpp(33): warning C4996: 'cocos2d::ui::ListViewEventType': 被声明为已否决
                 E:\develop\MagickaHero\cocos2d\cocos\ui/UIListView.h(39) : 参见“cocos2d::ui::ListViewEventType”的声明
     1>..\UIListView.cpp(44): warning C4996: 'cocos2d::ui::SEL_ListViewEvent': 被声明为已否决
                 E:\develop\MagickaHero\cocos2d\cocos\ui/UIListView.h(41) : 参见“cocos2d::ui::SEL_ListViewEvent”的声明
     1>..\UIListView.cpp(51): warning C4996: 'cocos2d::ui::SEL_ListViewEvent': 被声明为已否决
                 E:\develop\MagickaHero\cocos2d\cocos\ui/UIListView.h(41) : 参见“cocos2d::ui::SEL_ListViewEvent”的声明
     1>..\UIListView.cpp(462): warning C4996: 'cocos2d::ui::SEL_ListViewEvent': 被声明为已否决
                 E:\develop\MagickaHero\cocos2d\cocos\ui/UIListView.h(41) : 参见“cocos2d::ui::SEL_ListViewEvent”的声明
     1>..\UIListView.cpp(465): warning C4996: 'cocos2d::ui::SEL_ListViewEvent': 被声明为已否决
                 E:\develop\MagickaHero\cocos2d\cocos\ui/UIListView.h(41) : 参见“cocos2d::ui::SEL_ListViewEvent”的声明
     1>..\UIListView.cpp(466): warning C4996: 'cocos2d::ui::SEL_ListViewEvent': 被声明为已否决
                 E:\develop\MagickaHero\cocos2d\cocos\ui/UIListView.h(41) : 参见“cocos2d::ui::SEL_ListViewEvent”的声明
     1>..\UIListView.cpp(480): warning C4996: 'cocos2d::ui::SEL_ListViewEvent': 被声明为已否决
                 E:\develop\MagickaHero\cocos2d\cocos\ui/UIListView.h(41) : 参见“cocos2d::ui::SEL_ListViewEvent”的声明
     1>..\UIListView.cpp(482): warning C4996: 'cocos2d::ui::SEL_ListViewEvent': 被声明为已否决
                 E:\develop\MagickaHero\cocos2d\cocos\ui/UIListView.h(41) : 参见“cocos2d::ui::SEL_ListViewEvent”的声明
     1>..\UIListView.cpp(491): warning C4996: 'cocos2d::ui::SEL_ListViewEvent': 被声明为已否决
                 E:\develop\MagickaHero\cocos2d\cocos\ui/UIListView.h(41) : 参见“cocos2d::ui::SEL_ListViewEvent”的声明
     1>..\UIListView.cpp(493): warning C4996: 'cocos2d::ui::SEL_ListViewEvent': 被声明为已否决
                 E:\develop\MagickaHero\cocos2d\cocos\ui/UIListView.h(41) : 参见“cocos2d::ui::SEL_ListViewEvent”的声明
     1>..\UIListView.cpp(565): warning C4996: 'cocos2d::ui::SEL_ListViewEvent': 被声明为已否决
                 E:\develop\MagickaHero\cocos2d\cocos\ui/UIListView.h(41) : 参见“cocos2d::ui::SEL_ListViewEvent”的声明
         UILoadingBar.cpp
         UIPageView.cpp
     1>E:\develop\MagickaHero\cocos2d\cocos\ui/UIWidget.h(48): warning C4996: 'cocos2d::ui::TouchEventType': 被声明为已否决 (..\UIPageView.cpp)
                 E:\develop\MagickaHero\cocos2d\cocos\ui/UIWidget.h(46) : 参见“cocos2d::ui::TouchEventType”的声明
     1>E:\develop\MagickaHero\cocos2d\cocos\ui/UIWidget.h(236): warning C4996: 'cocos2d::ui::SEL_TouchEvent': 被声明为已否决 (..\UIPageView.cpp)
                 E:\develop\MagickaHero\cocos2d\cocos\ui/UIWidget.h(48) : 参见“cocos2d::ui::SEL_TouchEvent”的声明
     1>E:\develop\MagickaHero\cocos2d\cocos\ui/UIWidget.h(204): warning C4996: 'cocos2d::ui::SEL_TouchEvent': 被声明为已否决 (..\UIPageView.cpp)
                 E:\develop\MagickaHero\cocos2d\cocos\ui/UIWidget.h(48) : 参见“cocos2d::ui::SEL_TouchEvent”的声明
     1>E:\develop\MagickaHero\cocos2d\cocos\ui/UIWidget.h(204): warning C4996: 'cocos2d::ui::TouchEventType': 被声明为已否决 (..\UIPageView.cpp)
                 E:\develop\MagickaHero\cocos2d\cocos\ui/UIWidget.h(46) : 参见“cocos2d::ui::TouchEventType”的声明
     1>E:\develop\MagickaHero\cocos2d\cocos\ui/UIPageView.h(39): warning C4996: 'cocos2d::ui::PageViewEventType': 被声明为已否决 (..\UIPageView.cpp)
                 E:\develop\MagickaHero\cocos2d\cocos\ui/UIPageView.h(37) : 参见“cocos2d::ui::PageViewEventType”的声明
     1>E:\develop\MagickaHero\cocos2d\cocos\ui/UIPageView.h(137): warning C4996: 'cocos2d::ui::SEL_PageViewEvent': 被声明为已否决 (..\UIPageView.cpp)
                 E:\develop\MagickaHero\cocos2d\cocos\ui/UIPageView.h(39) : 参见“cocos2d::ui::SEL_PageViewEvent”的声明
     1>E:\develop\MagickaHero\cocos2d\cocos\ui/UIPageView.h(154): warning C4996: 'cocos2d::ui::SEL_PageViewEvent': 被声明为已否决 (..\UIPageView.cpp)
                 E:\develop\MagickaHero\cocos2d\cocos\ui/UIPageView.h(39) : 参见“cocos2d::ui::SEL_PageViewEvent”的声明
     1>E:\develop\MagickaHero\cocos2d\cocos\ui/UIPageView.h(154): warning C4996: 'cocos2d::ui::PageViewEventType': 被声明为已否决 (..\UIPageView.cpp)
                 E:\develop\MagickaHero\cocos2d\cocos\ui/UIPageView.h(37) : 参见“cocos2d::ui::PageViewEventType”的声明
     1>..\UIPageView.cpp(48): warning C4996: 'cocos2d::ui::SEL_PageViewEvent': 被声明为已否决
                 E:\develop\MagickaHero\cocos2d\cocos\ui/UIPageView.h(39) : 参见“cocos2d::ui::SEL_PageViewEvent”的声明
     1>..\UIPageView.cpp(55): warning C4996: 'cocos2d::ui::SEL_PageViewEvent': 被声明为已否决
                 E:\develop\MagickaHero\cocos2d\cocos\ui/UIPageView.h(39) : 参见“cocos2d::ui::SEL_PageViewEvent”的声明
     1>..\UIPageView.cpp(532): warning C4996: 'cocos2d::ui::SEL_PageViewEvent': 被声明为已否决
                 E:\develop\MagickaHero\cocos2d\cocos\ui/UIPageView.h(39) : 参见“cocos2d::ui::SEL_PageViewEvent”的声明
     1>..\UIPageView.cpp(534): warning C4996: 'cocos2d::ui::SEL_PageViewEvent': 被声明为已否决
                 E:\develop\MagickaHero\cocos2d\cocos\ui/UIPageView.h(39) : 参见“cocos2d::ui::SEL_PageViewEvent”的声明
     1>..\UIPageView.cpp(541): warning C4996: 'cocos2d::ui::SEL_PageViewEvent': 被声明为已否决
                 E:\develop\MagickaHero\cocos2d\cocos\ui/UIPageView.h(39) : 参见“cocos2d::ui::SEL_PageViewEvent”的声明
     1>..\UIPageView.cpp(544): warning C4996: 'cocos2d::ui::SEL_PageViewEvent': 被声明为已否决
                 E:\develop\MagickaHero\cocos2d\cocos\ui/UIPageView.h(39) : 参见“cocos2d::ui::SEL_PageViewEvent”的声明
     1>..\UIPageView.cpp(545): warning C4996: 'cocos2d::ui::SEL_PageViewEvent': 被声明为已否决
                 E:\develop\MagickaHero\cocos2d\cocos\ui/UIPageView.h(39) : 参见“cocos2d::ui::SEL_PageViewEvent”的声明
     1>..\UIPageView.cpp(598): warning C4996: 'cocos2d::ui::SEL_PageViewEvent': 被声明为已否决
                 E:\develop\MagickaHero\cocos2d\cocos\ui/UIPageView.h(39) : 参见“cocos2d::ui::SEL_PageViewEvent”的声明
     1>E:\develop\MagickaHero\cocos2d\cocos\ui/UIWidget.h(48): warning C4996: 'cocos2d::ui::TouchEventType': 被声明为已否决 (..\UILoadingBar.cpp)
                 E:\develop\MagickaHero\cocos2d\cocos\ui/UIWidget.h(46) : 参见“cocos2d::ui::TouchEventType”的声明
     1>E:\develop\MagickaHero\cocos2d\cocos\ui/UIWidget.h(236): warning C4996: 'cocos2d::ui::SEL_TouchEvent': 被声明为已否决 (..\UILoadingBar.cpp)
                 E:\develop\MagickaHero\cocos2d\cocos\ui/UIWidget.h(48) : 参见“cocos2d::ui::SEL_TouchEvent”的声明
     1>E:\develop\MagickaHero\cocos2d\cocos\ui/UIWidget.h(204): warning C4996: 'cocos2d::ui::SEL_TouchEvent': 被声明为已否决 (..\UILoadingBar.cpp)
                 E:\develop\MagickaHero\cocos2d\cocos\ui/UIWidget.h(48) : 参见“cocos2d::ui::SEL_TouchEvent”的声明
     1>E:\develop\MagickaHero\cocos2d\cocos\ui/UIWidget.h(204): warning C4996: 'cocos2d::ui::TouchEventType': 被声明为已否决 (..\UILoadingBar.cpp)
                 E:\develop\MagickaHero\cocos2d\cocos\ui/UIWidget.h(46) : 参见“cocos2d::ui::TouchEventType”的声明
         UIRelativeBox.cpp
         UIRichText.cpp
     1>E:\develop\MagickaHero\cocos2d\cocos\ui/UIWidget.h(48): warning C4996: 'cocos2d::ui::TouchEventType': 被声明为已否决 (..\UIRelativeBox.cpp)
                 E:\develop\MagickaHero\cocos2d\cocos\ui/UIWidget.h(46) : 参见“cocos2d::ui::TouchEventType”的声明
     1>E:\develop\MagickaHero\cocos2d\cocos\ui/UIWidget.h(236): warning C4996: 'cocos2d::ui::SEL_TouchEvent': 被声明为已否决 (..\UIRelativeBox.cpp)
                 E:\develop\MagickaHero\cocos2d\cocos\ui/UIWidget.h(48) : 参见“cocos2d::ui::SEL_TouchEvent”的声明
     1>E:\develop\MagickaHero\cocos2d\cocos\ui/UIWidget.h(204): warning C4996: 'cocos2d::ui::SEL_TouchEvent': 被声明为已否决 (..\UIRelativeBox.cpp)
                 E:\develop\MagickaHero\cocos2d\cocos\ui/UIWidget.h(48) : 参见“cocos2d::ui::SEL_TouchEvent”的声明
     1>E:\develop\MagickaHero\cocos2d\cocos\ui/UIWidget.h(204): warning C4996: 'cocos2d::ui::TouchEventType': 被声明为已否决 (..\UIRelativeBox.cpp)
                 E:\develop\MagickaHero\cocos2d\cocos\ui/UIWidget.h(46) : 参见“cocos2d::ui::TouchEventType”的声明
     1>E:\develop\MagickaHero\cocos2d\cocos\ui/UIWidget.h(48): warning C4996: 'cocos2d::ui::TouchEventType': 被声明为已否决 (..\UIRichText.cpp)
                 E:\develop\MagickaHero\cocos2d\cocos\ui/UIWidget.h(46) : 参见“cocos2d::ui::TouchEventType”的声明
     1>E:\develop\MagickaHero\cocos2d\cocos\ui/UIWidget.h(236): warning C4996: 'cocos2d::ui::SEL_TouchEvent': 被声明为已否决 (..\UIRichText.cpp)
                 E:\develop\MagickaHero\cocos2d\cocos\ui/UIWidget.h(48) : 参见“cocos2d::ui::SEL_TouchEvent”的声明
     1>E:\develop\MagickaHero\cocos2d\cocos\ui/UIWidget.h(204): warning C4996: 'cocos2d::ui::SEL_TouchEvent': 被声明为已否决 (..\UIRichText.cpp)
                 E:\develop\MagickaHero\cocos2d\cocos\ui/UIWidget.h(48) : 参见“cocos2d::ui::SEL_TouchEvent”的声明
     1>E:\develop\MagickaHero\cocos2d\cocos\ui/UIWidget.h(204): warning C4996: 'cocos2d::ui::TouchEventType': 被声明为已否决 (..\UIRichText.cpp)
                 E:\develop\MagickaHero\cocos2d\cocos\ui/UIWidget.h(46) : 参见“cocos2d::ui::TouchEventType”的声明
         UIScrollView.cpp
         UISlider.cpp
     1>E:\develop\MagickaHero\cocos2d\cocos\ui/UIWidget.h(48): warning C4996: 'cocos2d::ui::TouchEventType': 被声明为已否决 (..\UIScrollView.cpp)
                 E:\develop\MagickaHero\cocos2d\cocos\ui/UIWidget.h(46) : 参见“cocos2d::ui::TouchEventType”的声明
     1>E:\develop\MagickaHero\cocos2d\cocos\ui/UIWidget.h(236): warning C4996: 'cocos2d::ui::SEL_TouchEvent': 被声明为已否决 (..\UIScrollView.cpp)
                 E:\develop\MagickaHero\cocos2d\cocos\ui/UIWidget.h(48) : 参见“cocos2d::ui::SEL_TouchEvent”的声明
     1>E:\develop\MagickaHero\cocos2d\cocos\ui/UIWidget.h(204): warning C4996: 'cocos2d::ui::SEL_TouchEvent': 被声明为已否决 (..\UIScrollView.cpp)
                 E:\develop\MagickaHero\cocos2d\cocos\ui/UIWidget.h(48) : 参见“cocos2d::ui::SEL_TouchEvent”的声明
     1>E:\develop\MagickaHero\cocos2d\cocos\ui/UIWidget.h(204): warning C4996: 'cocos2d::ui::TouchEventType': 被声明为已否决 (..\UIScrollView.cpp)
                 E:\develop\MagickaHero\cocos2d\cocos\ui/UIWidget.h(46) : 参见“cocos2d::ui::TouchEventType”的声明
     1>E:\develop\MagickaHero\cocos2d\cocos\ui/UIScrollView.h(49): warning C4996: 'cocos2d::ui::ScrollviewEventType': 被声明为已否决 (..\UIScrollView.cpp)
                 E:\develop\MagickaHero\cocos2d\cocos\ui/UIScrollView.h(47) : 参见“cocos2d::ui::ScrollviewEventType”的声明
     1>E:\develop\MagickaHero\cocos2d\cocos\ui/UIScrollView.h(253): warning C4996: 'cocos2d::ui::SEL_ScrollViewEvent': 被声明为已否决 (..\UIScrollView.cpp)
                 E:\develop\MagickaHero\cocos2d\cocos\ui/UIScrollView.h(49) : 参见“cocos2d::ui::SEL_ScrollViewEvent”的声明
     1>..\UIScrollView.cpp(38): warning C4996: 'cocos2d::ui::SEL_ScrollViewEvent': 被声明为已否决
                 E:\develop\MagickaHero\cocos2d\cocos\ui/UIScrollView.h(49) : 参见“cocos2d::ui::SEL_ScrollViewEvent”的声明
     1>..\UIScrollView.cpp(38): warning C4996: 'cocos2d::ui::ScrollviewEventType': 被声明为已否决
                 E:\develop\MagickaHero\cocos2d\cocos\ui/UIScrollView.h(47) : 参见“cocos2d::ui::ScrollviewEventType”的声明
     1>..\UIScrollView.cpp(75): warning C4996: 'cocos2d::ui::SEL_ScrollViewEvent': 被声明为已否决
                 E:\develop\MagickaHero\cocos2d\cocos\ui/UIScrollView.h(49) : 参见“cocos2d::ui::SEL_ScrollViewEvent”的声明
     1>..\UIScrollView.cpp(82): warning C4996: 'cocos2d::ui::SEL_ScrollViewEvent': 被声明为已否决
                 E:\develop\MagickaHero\cocos2d\cocos\ui/UIScrollView.h(49) : 参见“cocos2d::ui::SEL_ScrollViewEvent”的声明
     1>..\UIScrollView.cpp(1580): warning C4996: 'cocos2d::ui::SEL_ScrollViewEvent': 被声明为已否决
                 E:\develop\MagickaHero\cocos2d\cocos\ui/UIScrollView.h(49) : 参见“cocos2d::ui::SEL_ScrollViewEvent”的声明
     1>..\UIScrollView.cpp(1582): warning C4996: 'cocos2d::ui::SEL_ScrollViewEvent': 被声明为已否决
                 E:\develop\MagickaHero\cocos2d\cocos\ui/UIScrollView.h(49) : 参见“cocos2d::ui::SEL_ScrollViewEvent”的声明
     1>..\UIScrollView.cpp(1591): warning C4996: 'cocos2d::ui::SEL_ScrollViewEvent': 被声明为已否决
                 E:\develop\MagickaHero\cocos2d\cocos\ui/UIScrollView.h(49) : 参见“cocos2d::ui::SEL_ScrollViewEvent”的声明
     1>..\UIScrollView.cpp(1593): warning C4996: 'cocos2d::ui::SEL_ScrollViewEvent': 被声明为已否决
                 E:\develop\MagickaHero\cocos2d\cocos\ui/UIScrollView.h(49) : 参见“cocos2d::ui::SEL_ScrollViewEvent”的声明
     1>..\UIScrollView.cpp(1602): warning C4996: 'cocos2d::ui::SEL_ScrollViewEvent': 被声明为已否决
                 E:\develop\MagickaHero\cocos2d\cocos\ui/UIScrollView.h(49) : 参见“cocos2d::ui::SEL_ScrollViewEvent”的声明
     1>..\UIScrollView.cpp(1604): warning C4996: 'cocos2d::ui::SEL_ScrollViewEvent': 被声明为已否决
                 E:\develop\MagickaHero\cocos2d\cocos\ui/UIScrollView.h(49) : 参见“cocos2d::ui::SEL_ScrollViewEvent”的声明
     1>..\UIScrollView.cpp(1613): warning C4996: 'cocos2d::ui::SEL_ScrollViewEvent': 被声明为已否决
                 E:\develop\MagickaHero\cocos2d\cocos\ui/UIScrollView.h(49) : 参见“cocos2d::ui::SEL_ScrollViewEvent”的声明
     1>..\UIScrollView.cpp(1615): warning C4996: 'cocos2d::ui::SEL_ScrollViewEvent': 被声明为已否决
                 E:\develop\MagickaHero\cocos2d\cocos\ui/UIScrollView.h(49) : 参见“cocos2d::ui::SEL_ScrollViewEvent”的声明
     1>..\UIScrollView.cpp(1624): warning C4996: 'cocos2d::ui::SEL_ScrollViewEvent': 被声明为已否决
                 E:\develop\MagickaHero\cocos2d\cocos\ui/UIScrollView.h(49) : 参见“cocos2d::ui::SEL_ScrollViewEvent”的声明
     1>..\UIScrollView.cpp(1626): warning C4996: 'cocos2d::ui::SEL_ScrollViewEvent': 被声明为已否决
                 E:\develop\MagickaHero\cocos2d\cocos\ui/UIScrollView.h(49) : 参见“cocos2d::ui::SEL_ScrollViewEvent”的声明
     1>..\UIScrollView.cpp(1635): warning C4996: 'cocos2d::ui::SEL_ScrollViewEvent': 被声明为已否决
                 E:\develop\MagickaHero\cocos2d\cocos\ui/UIScrollView.h(49) : 参见“cocos2d::ui::SEL_ScrollViewEvent”的声明
     1>..\UIScrollView.cpp(1637): warning C4996: 'cocos2d::ui::SEL_ScrollViewEvent': 被声明为已否决
                 E:\develop\MagickaHero\cocos2d\cocos\ui/UIScrollView.h(49) : 参见“cocos2d::ui::SEL_ScrollViewEvent”的声明
     1>..\UIScrollView.cpp(1646): warning C4996: 'cocos2d::ui::SEL_ScrollViewEvent': 被声明为已否决
                 E:\develop\MagickaHero\cocos2d\cocos\ui/UIScrollView.h(49) : 参见“cocos2d::ui::SEL_ScrollViewEvent”的声明
     1>..\UIScrollView.cpp(1648): warning C4996: 'cocos2d::ui::SEL_ScrollViewEvent': 被声明为已否决
                 E:\develop\MagickaHero\cocos2d\cocos\ui/UIScrollView.h(49) : 参见“cocos2d::ui::SEL_ScrollViewEvent”的声明
     1>..\UIScrollView.cpp(1657): warning C4996: 'cocos2d::ui::SEL_ScrollViewEvent': 被声明为已否决
                 E:\develop\MagickaHero\cocos2d\cocos\ui/UIScrollView.h(49) : 参见“cocos2d::ui::SEL_ScrollViewEvent”的声明
     1>..\UIScrollView.cpp(1659): warning C4996: 'cocos2d::ui::SEL_ScrollViewEvent': 被声明为已否决
                 E:\develop\MagickaHero\cocos2d\cocos\ui/UIScrollView.h(49) : 参见“cocos2d::ui::SEL_ScrollViewEvent”的声明
     1>..\UIScrollView.cpp(1668): warning C4996: 'cocos2d::ui::SEL_ScrollViewEvent': 被声明为已否决
                 E:\develop\MagickaHero\cocos2d\cocos\ui/UIScrollView.h(49) : 参见“cocos2d::ui::SEL_ScrollViewEvent”的声明
     1>..\UIScrollView.cpp(1670): warning C4996: 'cocos2d::ui::SEL_ScrollViewEvent': 被声明为已否决
                 E:\develop\MagickaHero\cocos2d\cocos\ui/UIScrollView.h(49) : 参见“cocos2d::ui::SEL_ScrollViewEvent”的声明
     1>..\UIScrollView.cpp(1677): warning C4996: 'cocos2d::ui::SEL_ScrollViewEvent': 被声明为已否决
                 E:\develop\MagickaHero\cocos2d\cocos\ui/UIScrollView.h(49) : 参见“cocos2d::ui::SEL_ScrollViewEvent”的声明
     1>..\UIScrollView.cpp(1680): warning C4996: 'cocos2d::ui::SEL_ScrollViewEvent': 被声明为已否决
                 E:\develop\MagickaHero\cocos2d\cocos\ui/UIScrollView.h(49) : 参见“cocos2d::ui::SEL_ScrollViewEvent”的声明
     1>..\UIScrollView.cpp(1681): warning C4996: 'cocos2d::ui::SEL_ScrollViewEvent': 被声明为已否决
                 E:\develop\MagickaHero\cocos2d\cocos\ui/UIScrollView.h(49) : 参见“cocos2d::ui::SEL_ScrollViewEvent”的声明
     1>..\UIScrollView.cpp(1768): warning C4996: 'cocos2d::ui::SEL_ScrollViewEvent': 被声明为已否决
                 E:\develop\MagickaHero\cocos2d\cocos\ui/UIScrollView.h(49) : 参见“cocos2d::ui::SEL_ScrollViewEvent”的声明
         UIText.cpp
     1>E:\develop\MagickaHero\cocos2d\cocos\ui/UIWidget.h(48): warning C4996: 'cocos2d::ui::TouchEventType': 被声明为已否决 (..\UISlider.cpp)
                 E:\develop\MagickaHero\cocos2d\cocos\ui/UIWidget.h(46) : 参见“cocos2d::ui::TouchEventType”的声明
     1>E:\develop\MagickaHero\cocos2d\cocos\ui/UIWidget.h(236): warning C4996: 'cocos2d::ui::SEL_TouchEvent': 被声明为已否决 (..\UISlider.cpp)
                 E:\develop\MagickaHero\cocos2d\cocos\ui/UIWidget.h(48) : 参见“cocos2d::ui::SEL_TouchEvent”的声明
     1>E:\develop\MagickaHero\cocos2d\cocos\ui/UIWidget.h(204): warning C4996: 'cocos2d::ui::SEL_TouchEvent': 被声明为已否决 (..\UISlider.cpp)
                 E:\develop\MagickaHero\cocos2d\cocos\ui/UIWidget.h(48) : 参见“cocos2d::ui::SEL_TouchEvent”的声明
     1>E:\develop\MagickaHero\cocos2d\cocos\ui/UIWidget.h(204): warning C4996: 'cocos2d::ui::TouchEventType': 被声明为已否决 (..\UISlider.cpp)
                 E:\develop\MagickaHero\cocos2d\cocos\ui/UIWidget.h(46) : 参见“cocos2d::ui::TouchEventType”的声明
     1>E:\develop\MagickaHero\cocos2d\cocos\ui/UISlider.h(41): warning C4996: 'cocos2d::ui::SliderEventType': 被声明为已否决 (..\UISlider.cpp)
                 E:\develop\MagickaHero\cocos2d\cocos\ui/UISlider.h(39) : 参见“cocos2d::ui::SliderEventType”的声明
     1>E:\develop\MagickaHero\cocos2d\cocos\ui/UISlider.h(186): warning C4996: 'cocos2d::ui::SEL_SlidPercentChangedEvent': 被声明为已否决 (..\UISlider.cpp)
                 E:\develop\MagickaHero\cocos2d\cocos\ui/UISlider.h(41) : 参见“cocos2d::ui::SEL_SlidPercentChangedEvent”的声明
     1>..\UISlider.cpp(37): warning C4996: 'cocos2d::ui::SEL_SlidPercentChangedEvent': 被声明为已否决
                 E:\develop\MagickaHero\cocos2d\cocos\ui/UISlider.h(41) : 参见“cocos2d::ui::SEL_SlidPercentChangedEvent”的声明
     1>..\UISlider.cpp(37): warning C4996: 'cocos2d::ui::SliderEventType': 被声明为已否决
                 E:\develop\MagickaHero\cocos2d\cocos\ui/UISlider.h(39) : 参见“cocos2d::ui::SliderEventType”的声明
     1>..\UISlider.cpp(68): warning C4996: 'cocos2d::ui::SEL_SlidPercentChangedEvent': 被声明为已否决
                 E:\develop\MagickaHero\cocos2d\cocos\ui/UISlider.h(41) : 参见“cocos2d::ui::SEL_SlidPercentChangedEvent”的声明
     1>..\UISlider.cpp(75): warning C4996: 'cocos2d::ui::SEL_SlidPercentChangedEvent': 被声明为已否决
                 E:\develop\MagickaHero\cocos2d\cocos\ui/UISlider.h(41) : 参见“cocos2d::ui::SEL_SlidPercentChangedEvent”的声明
     1>..\UISlider.cpp(440): warning C4996: 'cocos2d::ui::SEL_SlidPercentChangedEvent': 被声明为已否决
                 E:\develop\MagickaHero\cocos2d\cocos\ui/UISlider.h(41) : 参见“cocos2d::ui::SEL_SlidPercentChangedEvent”的声明
     1>..\UISlider.cpp(443): warning C4996: 'cocos2d::ui::SEL_SlidPercentChangedEvent': 被声明为已否决
                 E:\develop\MagickaHero\cocos2d\cocos\ui/UISlider.h(41) : 参见“cocos2d::ui::SEL_SlidPercentChangedEvent”的声明
     1>..\UISlider.cpp(444): warning C4996: 'cocos2d::ui::SEL_SlidPercentChangedEvent': 被声明为已否决
                 E:\develop\MagickaHero\cocos2d\cocos\ui/UISlider.h(41) : 参见“cocos2d::ui::SEL_SlidPercentChangedEvent”的声明
     1>..\UISlider.cpp(453): warning C4996: 'cocos2d::ui::SEL_SlidPercentChangedEvent': 被声明为已否决
                 E:\develop\MagickaHero\cocos2d\cocos\ui/UISlider.h(41) : 参见“cocos2d::ui::SEL_SlidPercentChangedEvent”的声明
     1>..\UISlider.cpp(455): warning C4996: 'cocos2d::ui::SEL_SlidPercentChangedEvent': 被声明为已否决
                 E:\develop\MagickaHero\cocos2d\cocos\ui/UISlider.h(41) : 参见“cocos2d::ui::SEL_SlidPercentChangedEvent”的声明
     1>..\UISlider.cpp(614): warning C4996: 'cocos2d::ui::SEL_SlidPercentChangedEvent': 被声明为已否决
                 E:\develop\MagickaHero\cocos2d\cocos\ui/UISlider.h(41) : 参见“cocos2d::ui::SEL_SlidPercentChangedEvent”的声明
     1>E:\develop\MagickaHero\cocos2d\cocos\ui/UIWidget.h(48): warning C4996: 'cocos2d::ui::TouchEventType': 被声明为已否决 (..\UIText.cpp)
                 E:\develop\MagickaHero\cocos2d\cocos\ui/UIWidget.h(46) : 参见“cocos2d::ui::TouchEventType”的声明
     1>E:\develop\MagickaHero\cocos2d\cocos\ui/UIWidget.h(236): warning C4996: 'cocos2d::ui::SEL_TouchEvent': 被声明为已否决 (..\UIText.cpp)
                 E:\develop\MagickaHero\cocos2d\cocos\ui/UIWidget.h(48) : 参见“cocos2d::ui::SEL_TouchEvent”的声明
     1>E:\develop\MagickaHero\cocos2d\cocos\ui/UIWidget.h(204): warning C4996: 'cocos2d::ui::SEL_TouchEvent': 被声明为已否决 (..\UIText.cpp)
                 E:\develop\MagickaHero\cocos2d\cocos\ui/UIWidget.h(48) : 参见“cocos2d::ui::SEL_TouchEvent”的声明
     1>E:\develop\MagickaHero\cocos2d\cocos\ui/UIWidget.h(204): warning C4996: 'cocos2d::ui::TouchEventType': 被声明为已否决 (..\UIText.cpp)
                 E:\develop\MagickaHero\cocos2d\cocos\ui/UIWidget.h(46) : 参见“cocos2d::ui::TouchEventType”的声明
         UITextAtlas.cpp
         UITextBMFont.cpp
     1>E:\develop\MagickaHero\cocos2d\cocos\ui/UIWidget.h(48): warning C4996: 'cocos2d::ui::TouchEventType': 被声明为已否决 (..\UITextAtlas.cpp)
                 E:\develop\MagickaHero\cocos2d\cocos\ui/UIWidget.h(46) : 参见“cocos2d::ui::TouchEventType”的声明
     1>E:\develop\MagickaHero\cocos2d\cocos\ui/UIWidget.h(236): warning C4996: 'cocos2d::ui::SEL_TouchEvent': 被声明为已否决 (..\UITextAtlas.cpp)
                 E:\develop\MagickaHero\cocos2d\cocos\ui/UIWidget.h(48) : 参见“cocos2d::ui::SEL_TouchEvent”的声明
     1>E:\develop\MagickaHero\cocos2d\cocos\ui/UIWidget.h(204): warning C4996: 'cocos2d::ui::SEL_TouchEvent': 被声明为已否决 (..\UITextAtlas.cpp)
                 E:\develop\MagickaHero\cocos2d\cocos\ui/UIWidget.h(48) : 参见“cocos2d::ui::SEL_TouchEvent”的声明
     1>E:\develop\MagickaHero\cocos2d\cocos\ui/UIWidget.h(204): warning C4996: 'cocos2d::ui::TouchEventType': 被声明为已否决 (..\UITextAtlas.cpp)
                 E:\develop\MagickaHero\cocos2d\cocos\ui/UIWidget.h(46) : 参见“cocos2d::ui::TouchEventType”的声明
     1>E:\develop\MagickaHero\cocos2d\cocos\ui/UIWidget.h(48): warning C4996: 'cocos2d::ui::TouchEventType': 被声明为已否决 (..\UITextBMFont.cpp)
                 E:\develop\MagickaHero\cocos2d\cocos\ui/UIWidget.h(46) : 参见“cocos2d::ui::TouchEventType”的声明
     1>E:\develop\MagickaHero\cocos2d\cocos\ui/UIWidget.h(236): warning C4996: 'cocos2d::ui::SEL_TouchEvent': 被声明为已否决 (..\UITextBMFont.cpp)
                 E:\develop\MagickaHero\cocos2d\cocos\ui/UIWidget.h(48) : 参见“cocos2d::ui::SEL_TouchEvent”的声明
     1>E:\develop\MagickaHero\cocos2d\cocos\ui/UIWidget.h(204): warning C4996: 'cocos2d::ui::SEL_TouchEvent': 被声明为已否决 (..\UITextBMFont.cpp)
                 E:\develop\MagickaHero\cocos2d\cocos\ui/UIWidget.h(48) : 参见“cocos2d::ui::SEL_TouchEvent”的声明
     1>E:\develop\MagickaHero\cocos2d\cocos\ui/UIWidget.h(204): warning C4996: 'cocos2d::ui::TouchEventType': 被声明为已否决 (..\UITextBMFont.cpp)
                 E:\develop\MagickaHero\cocos2d\cocos\ui/UIWidget.h(46) : 参见“cocos2d::ui::TouchEventType”的声明
         UITextField.cpp
         UIVBox.cpp
     1>E:\develop\MagickaHero\cocos2d\cocos\ui/UIWidget.h(48): warning C4996: 'cocos2d::ui::TouchEventType': 被声明为已否决 (..\UITextField.cpp)
                 E:\develop\MagickaHero\cocos2d\cocos\ui/UIWidget.h(46) : 参见“cocos2d::ui::TouchEventType”的声明
     1>E:\develop\MagickaHero\cocos2d\cocos\ui/UIWidget.h(236): warning C4996: 'cocos2d::ui::SEL_TouchEvent': 被声明为已否决 (..\UITextField.cpp)
                 E:\develop\MagickaHero\cocos2d\cocos\ui/UIWidget.h(48) : 参见“cocos2d::ui::SEL_TouchEvent”的声明
     1>E:\develop\MagickaHero\cocos2d\cocos\ui/UIWidget.h(204): warning C4996: 'cocos2d::ui::SEL_TouchEvent': 被声明为已否决 (..\UITextField.cpp)
                 E:\develop\MagickaHero\cocos2d\cocos\ui/UIWidget.h(48) : 参见“cocos2d::ui::SEL_TouchEvent”的声明
     1>E:\develop\MagickaHero\cocos2d\cocos\ui/UIWidget.h(204): warning C4996: 'cocos2d::ui::TouchEventType': 被声明为已否决 (..\UITextField.cpp)
                 E:\develop\MagickaHero\cocos2d\cocos\ui/UIWidget.h(46) : 参见“cocos2d::ui::TouchEventType”的声明
     1>E:\develop\MagickaHero\cocos2d\cocos\ui/UIWidget.h(48): warning C4996: 'cocos2d::ui::TouchEventType': 被声明为已否决 (..\UIVBox.cpp)
                 E:\develop\MagickaHero\cocos2d\cocos\ui/UIWidget.h(46) : 参见“cocos2d::ui::TouchEventType”的声明
     1>E:\develop\MagickaHero\cocos2d\cocos\ui/UIWidget.h(236): warning C4996: 'cocos2d::ui::SEL_TouchEvent': 被声明为已否决 (..\UIVBox.cpp)
                 E:\develop\MagickaHero\cocos2d\cocos\ui/UIWidget.h(48) : 参见“cocos2d::ui::SEL_TouchEvent”的声明
     1>E:\develop\MagickaHero\cocos2d\cocos\ui/UIWidget.h(204): warning C4996: 'cocos2d::ui::SEL_TouchEvent': 被声明为已否决 (..\UIVBox.cpp)
                 E:\develop\MagickaHero\cocos2d\cocos\ui/UIWidget.h(48) : 参见“cocos2d::ui::SEL_TouchEvent”的声明
     1>E:\develop\MagickaHero\cocos2d\cocos\ui/UIWidget.h(204): warning C4996: 'cocos2d::ui::TouchEventType': 被声明为已否决 (..\UIVBox.cpp)
                 E:\develop\MagickaHero\cocos2d\cocos\ui/UIWidget.h(46) : 参见“cocos2d::ui::TouchEventType”的声明
     1>E:\develop\MagickaHero\cocos2d\cocos\ui/UITextField.h(102): warning C4996: 'cocos2d::ui::TextFiledEventType': 被声明为已否决 (..\UITextField.cpp)
                 E:\develop\MagickaHero\cocos2d\cocos\ui/UITextField.h(100) : 参见“cocos2d::ui::TextFiledEventType”的声明
     1>E:\develop\MagickaHero\cocos2d\cocos\ui/UITextField.h(174): warning C4996: 'cocos2d::ui::SEL_TextFieldEvent': 被声明为已否决 (..\UITextField.cpp)
                 E:\develop\MagickaHero\cocos2d\cocos\ui/UITextField.h(102) : 参见“cocos2d::ui::SEL_TextFieldEvent”的声明
     1>..\UITextField.cpp(357): warning C4996: 'cocos2d::ui::SEL_TextFieldEvent': 被声明为已否决
                 E:\develop\MagickaHero\cocos2d\cocos\ui/UITextField.h(102) : 参见“cocos2d::ui::SEL_TextFieldEvent”的声明
     1>..\UITextField.cpp(357): warning C4996: 'cocos2d::ui::TextFiledEventType': 被声明为已否决
                 E:\develop\MagickaHero\cocos2d\cocos\ui/UITextField.h(100) : 参见“cocos2d::ui::TextFiledEventType”的声明
     1>..\UITextField.cpp(370): warning C4996: 'cocos2d::ui::SEL_TextFieldEvent': 被声明为已否决
                 E:\develop\MagickaHero\cocos2d\cocos\ui/UITextField.h(102) : 参见“cocos2d::ui::SEL_TextFieldEvent”的声明
     1>..\UITextField.cpp(376): warning C4996: 'cocos2d::ui::SEL_TextFieldEvent': 被声明为已否决
                 E:\develop\MagickaHero\cocos2d\cocos\ui/UITextField.h(102) : 参见“cocos2d::ui::SEL_TextFieldEvent”的声明
     1>..\UITextField.cpp(708): warning C4996: 'cocos2d::ui::SEL_TextFieldEvent': 被声明为已否决
                 E:\develop\MagickaHero\cocos2d\cocos\ui/UITextField.h(102) : 参见“cocos2d::ui::SEL_TextFieldEvent”的声明
     1>..\UITextField.cpp(710): warning C4996: 'cocos2d::ui::SEL_TextFieldEvent': 被声明为已否决
                 E:\develop\MagickaHero\cocos2d\cocos\ui/UITextField.h(102) : 参见“cocos2d::ui::SEL_TextFieldEvent”的声明
     1>..\UITextField.cpp(719): warning C4996: 'cocos2d::ui::SEL_TextFieldEvent': 被声明为已否决
                 E:\develop\MagickaHero\cocos2d\cocos\ui/UITextField.h(102) : 参见“cocos2d::ui::SEL_TextFieldEvent”的声明
     1>..\UITextField.cpp(721): warning C4996: 'cocos2d::ui::SEL_TextFieldEvent': 被声明为已否决
                 E:\develop\MagickaHero\cocos2d\cocos\ui/UITextField.h(102) : 参见“cocos2d::ui::SEL_TextFieldEvent”的声明
     1>..\UITextField.cpp(730): warning C4996: 'cocos2d::ui::SEL_TextFieldEvent': 被声明为已否决
                 E:\develop\MagickaHero\cocos2d\cocos\ui/UITextField.h(102) : 参见“cocos2d::ui::SEL_TextFieldEvent”的声明
     1>..\UITextField.cpp(732): warning C4996: 'cocos2d::ui::SEL_TextFieldEvent': 被声明为已否决
                 E:\develop\MagickaHero\cocos2d\cocos\ui/UITextField.h(102) : 参见“cocos2d::ui::SEL_TextFieldEvent”的声明
     1>..\UITextField.cpp(741): warning C4996: 'cocos2d::ui::SEL_TextFieldEvent': 被声明为已否决
                 E:\develop\MagickaHero\cocos2d\cocos\ui/UITextField.h(102) : 参见“cocos2d::ui::SEL_TextFieldEvent”的声明
     1>..\UITextField.cpp(743): warning C4996: 'cocos2d::ui::SEL_TextFieldEvent': 被声明为已否决
                 E:\develop\MagickaHero\cocos2d\cocos\ui/UITextField.h(102) : 参见“cocos2d::ui::SEL_TextFieldEvent”的声明
     1>..\UITextField.cpp(750): warning C4996: 'cocos2d::ui::SEL_TextFieldEvent': 被声明为已否决
                 E:\develop\MagickaHero\cocos2d\cocos\ui/UITextField.h(102) : 参见“cocos2d::ui::SEL_TextFieldEvent”的声明
     1>..\UITextField.cpp(753): warning C4996: 'cocos2d::ui::SEL_TextFieldEvent': 被声明为已否决
                 E:\develop\MagickaHero\cocos2d\cocos\ui/UITextField.h(102) : 参见“cocos2d::ui::SEL_TextFieldEvent”的声明
     1>..\UITextField.cpp(754): warning C4996: 'cocos2d::ui::SEL_TextFieldEvent': 被声明为已否决
                 E:\develop\MagickaHero\cocos2d\cocos\ui/UITextField.h(102) : 参见“cocos2d::ui::SEL_TextFieldEvent”的声明
     1>..\UITextField.cpp(844): warning C4996: 'cocos2d::ui::SEL_TextFieldEvent': 被声明为已否决
                 E:\develop\MagickaHero\cocos2d\cocos\ui/UITextField.h(102) : 参见“cocos2d::ui::SEL_TextFieldEvent”的声明
         UIWidget.cpp
     1>E:\develop\MagickaHero\cocos2d\cocos\ui/UIWidget.h(48): warning C4996: 'cocos2d::ui::TouchEventType': 被声明为已否决 (..\UIWidget.cpp)
                 E:\develop\MagickaHero\cocos2d\cocos\ui/UIWidget.h(46) : 参见“cocos2d::ui::TouchEventType”的声明
     1>E:\develop\MagickaHero\cocos2d\cocos\ui/UIWidget.h(236): warning C4996: 'cocos2d::ui::SEL_TouchEvent': 被声明为已否决 (..\UIWidget.cpp)
                 E:\develop\MagickaHero\cocos2d\cocos\ui/UIWidget.h(48) : 参见“cocos2d::ui::SEL_TouchEvent”的声明
     1>E:\develop\MagickaHero\cocos2d\cocos\ui/UIWidget.h(204): warning C4996: 'cocos2d::ui::SEL_TouchEvent': 被声明为已否决 (..\UIWidget.cpp)
                 E:\develop\MagickaHero\cocos2d\cocos\ui/UIWidget.h(48) : 参见“cocos2d::ui::SEL_TouchEvent”的声明
     1>E:\develop\MagickaHero\cocos2d\cocos\ui/UIWidget.h(204): warning C4996: 'cocos2d::ui::TouchEventType': 被声明为已否决 (..\UIWidget.cpp)
                 E:\develop\MagickaHero\cocos2d\cocos\ui/UIWidget.h(46) : 参见“cocos2d::ui::TouchEventType”的声明
     1>..\UIWidget.cpp(163): warning C4996: 'cocos2d::ui::SEL_TouchEvent': 被声明为已否决
                 E:\develop\MagickaHero\cocos2d\cocos\ui/UIWidget.h(48) : 参见“cocos2d::ui::SEL_TouchEvent”的声明
     1>..\UIWidget.cpp(729): warning C4996: 'cocos2d::ui::SEL_TouchEvent': 被声明为已否决
                 E:\develop\MagickaHero\cocos2d\cocos\ui/UIWidget.h(48) : 参见“cocos2d::ui::SEL_TouchEvent”的声明
     1>..\UIWidget.cpp(731): warning C4996: 'cocos2d::ui::SEL_TouchEvent': 被声明为已否决
                 E:\develop\MagickaHero\cocos2d\cocos\ui/UIWidget.h(48) : 参见“cocos2d::ui::SEL_TouchEvent”的声明
     1>..\UIWidget.cpp(741): warning C4996: 'cocos2d::ui::SEL_TouchEvent': 被声明为已否决
                 E:\develop\MagickaHero\cocos2d\cocos\ui/UIWidget.h(48) : 参见“cocos2d::ui::SEL_TouchEvent”的声明
     1>..\UIWidget.cpp(743): warning C4996: 'cocos2d::ui::SEL_TouchEvent': 被声明为已否决
                 E:\develop\MagickaHero\cocos2d\cocos\ui/UIWidget.h(48) : 参见“cocos2d::ui::SEL_TouchEvent”的声明
     1>..\UIWidget.cpp(754): warning C4996: 'cocos2d::ui::SEL_TouchEvent': 被声明为已否决
                 E:\develop\MagickaHero\cocos2d\cocos\ui/UIWidget.h(48) : 参见“cocos2d::ui::SEL_TouchEvent”的声明
     1>..\UIWidget.cpp(756): warning C4996: 'cocos2d::ui::SEL_TouchEvent': 被声明为已否决
                 E:\develop\MagickaHero\cocos2d\cocos\ui/UIWidget.h(48) : 参见“cocos2d::ui::SEL_TouchEvent”的声明
     1>..\UIWidget.cpp(767): warning C4996: 'cocos2d::ui::SEL_TouchEvent': 被声明为已否决
                 E:\develop\MagickaHero\cocos2d\cocos\ui/UIWidget.h(48) : 参见“cocos2d::ui::SEL_TouchEvent”的声明
     1>..\UIWidget.cpp(769): warning C4996: 'cocos2d::ui::SEL_TouchEvent': 被声明为已否决
                 E:\develop\MagickaHero\cocos2d\cocos\ui/UIWidget.h(48) : 参见“cocos2d::ui::SEL_TouchEvent”的声明
     1>..\UIWidget.cpp(774): warning C4996: 'cocos2d::ui::SEL_TouchEvent': 被声明为已否决
                 E:\develop\MagickaHero\cocos2d\cocos\ui/UIWidget.h(48) : 参见“cocos2d::ui::SEL_TouchEvent”的声明
     1>..\UIWidget.cpp(777): warning C4996: 'cocos2d::ui::SEL_TouchEvent': 被声明为已否决
                 E:\develop\MagickaHero\cocos2d\cocos\ui/UIWidget.h(48) : 参见“cocos2d::ui::SEL_TouchEvent”的声明
     1>..\UIWidget.cpp(778): warning C4996: 'cocos2d::ui::SEL_TouchEvent': 被声明为已否决
                 E:\develop\MagickaHero\cocos2d\cocos\ui/UIWidget.h(48) : 参见“cocos2d::ui::SEL_TouchEvent”的声明
     1>..\UIWidget.cpp(1031): warning C4996: 'cocos2d::ui::SEL_TouchEvent': 被声明为已否决
                 E:\develop\MagickaHero\cocos2d\cocos\ui/UIWidget.h(48) : 参见“cocos2d::ui::SEL_TouchEvent”的声明
       Lib:
         E:\Program Files\Microsoft Visual Studio 12.0\VC\bin\Lib.exe /OUT:"E:\develop\MagickaHero\proj.win32\Debug.win32\libGUI.lib" /NOLOGO Debug.win32\CCProtectedNode.obj
         Debug.win32\CocosGUI.obj
         Debug.win32\UIButton.obj
         Debug.win32\UICheckBox.obj
         Debug.win32\UIDeprecated.obj
         Debug.win32\UIHBox.obj
         Debug.win32\UIHelper.obj
         Debug.win32\UIImageView.obj
         Debug.win32\UILayout.obj
         Debug.win32\UILayoutManager.obj
         Debug.win32\UILayoutParameter.obj
         Debug.win32\UIListView.obj
         Debug.win32\UILoadingBar.obj
         Debug.win32\UIPageView.obj
         Debug.win32\UIRelativeBox.obj
         Debug.win32\UIRichText.obj
         Debug.win32\UIScrollView.obj
         Debug.win32\UISlider.obj
         Debug.win32\UIText.obj
         Debug.win32\UITextAtlas.obj
         Debug.win32\UITextBMFont.obj
         Debug.win32\UITextField.obj
         Debug.win32\UIVBox.obj
         Debug.win32\UIWidget.obj
         libGUI.vcxproj -> E:\develop\MagickaHero\proj.win32\Debug.win32\libGUI.lib
     1>已完成生成项目“E:\develop\MagickaHero\cocos2d\cocos\ui\proj.win32\libGUI.vcxproj”(Build 个目标)的操作。

生成成功。

已用时间 00:00:59.36
